[6.185s] DEBUG:colcon:Command line arguments: ['/usr/bin/colcon', 'build']
[6.186s] DEBUG:colcon:Parsed command line arguments: Namespace(log_base=None, log_level=None, verb_name='build', build_base='build', install_base='install', merge_install=False, symlink_install=False, test_result_base=None, continue_on_error=False, executor='parallel', parallel_workers=4, event_handlers=None, ignore_user_meta=False, metas=['./colcon.meta'], base_paths=['.'], packages_ignore=None, packages_ignore_regex=None, paths=None, packages_up_to=None, packages_up_to_regex=None, packages_above=None, packages_above_and_dependencies=None, packages_above_depth=None, packages_select_by_dep=None, packages_skip_by_dep=None, packages_skip_up_to=None, packages_select_build_failed=False, packages_skip_build_finished=False, packages_select_test_failures=False, packages_skip_test_passed=False, packages_select=None, packages_skip=None, packages_select_regex=None, packages_skip_regex=None, packages_start=None, packages_end=None, allow_overriding=[], cmake_args=None, cmake_target=None, cmake_target_skip_unavailable=False, cmake_clean_cache=False, cmake_clean_first=False, cmake_force_configure=False, ament_cmake_args=None, catkin_cmake_args=None, catkin_skip_building_tests=False, verb_parser=<colcon_defaults.argument_parser.defaults.DefaultArgumentsDecorator object at 0x7f8da0632680>, verb_extension=<colcon_core.verb.build.BuildVerb object at 0x7f8da05b0190>, main=<bound method BuildVerb.main of <colcon_core.verb.build.BuildVerb object at 0x7f8da05b0190>>)
[19.779s] Level 1:colcon.colcon_core.package_discovery:discover_packages(colcon_meta) check parameters
[19.779s] Level 1:colcon.colcon_core.package_discovery:discover_packages(recursive) check parameters
[19.779s] Level 1:colcon.colcon_core.package_discovery:discover_packages(ignore) check parameters
[19.779s] Level 1:colcon.colcon_core.package_discovery:discover_packages(path) check parameters
[19.779s] Level 1:colcon.colcon_core.package_discovery:discover_packages(colcon_meta) discover
[19.780s] Level 1:colcon.colcon_core.package_discovery:discover_packages(recursive) discover
[19.780s] INFO:colcon.colcon_core.package_discovery:Crawling recursively for packages in '/home/abdullah/ros2_sim_drone'
[19.780s] Level 1:colcon.colcon_core.package_identification:_identify(.) by extensions ['ignore', 'ignore_ament_install']
[19.780s] Level 1:colcon.colcon_core.package_identification:_identify(.) by extension 'ignore'
[19.780s] Level 1:colcon.colcon_core.package_identification:_identify(.) by extension 'ignore_ament_install'
[19.780s] Level 1:colcon.colcon_core.package_identification:_identify(.) by extensions ['colcon_pkg']
[19.781s] Level 1:colcon.colcon_core.package_identification:_identify(.) by extension 'colcon_pkg'
[19.781s] Level 1:colcon.colcon_core.package_identification:_identify(.) by extensions ['colcon_meta']
[19.781s] Level 1:colcon.colcon_core.package_identification:_identify(.) by extension 'colcon_meta'
[19.781s] Level 1:colcon.colcon_core.package_identification:_identify(.) by extensions ['ros']
[19.781s] Level 1:colcon.colcon_core.package_identification:_identify(.) by extension 'ros'
[19.956s] Level 1:colcon.colcon_core.package_identification:_identify(.) by extensions ['cmake', 'python']
[19.956s] Level 1:colcon.colcon_core.package_identification:_identify(.) by extension 'cmake'
[19.956s] Level 1:colcon.colcon_core.package_identification:_identify(.) by extension 'python'
[19.956s] Level 1:colcon.colcon_core.package_identification:_identify(.) by extensions ['python_setup_py']
[19.956s] Level 1:colcon.colcon_core.package_identification:_identify(.) by extension 'python_setup_py'
[19.957s] Level 1:colcon.colcon_core.package_identification:_identify(build) by extensions ['ignore', 'ignore_ament_install']
[19.957s] Level 1:colcon.colcon_core.package_identification:_identify(build) by extension 'ignore'
[19.957s] Level 1:colcon.colcon_core.package_identification:_identify(build) ignored
[19.975s] Level 1:colcon.colcon_core.package_identification:_identify(install) by extensions ['ignore', 'ignore_ament_install']
[19.975s] Level 1:colcon.colcon_core.package_identification:_identify(install) by extension 'ignore'
[19.975s] Level 1:colcon.colcon_core.package_identification:_identify(install) ignored
[19.975s] Level 1:colcon.colcon_core.package_identification:_identify(log) by extensions ['ignore', 'ignore_ament_install']
[19.975s] Level 1:colcon.colcon_core.package_identification:_identify(log) by extension 'ignore'
[19.975s] Level 1:colcon.colcon_core.package_identification:_identify(log) ignored
[19.976s] Level 1:colcon.colcon_core.package_identification:_identify(src) by extensions ['ignore', 'ignore_ament_install']
[19.976s] Level 1:colcon.colcon_core.package_identification:_identify(src) by extension 'ignore'
[19.976s] Level 1:colcon.colcon_core.package_identification:_identify(src) by extension 'ignore_ament_install'
[19.976s] Level 1:colcon.colcon_core.package_identification:_identify(src) by extensions ['colcon_pkg']
[19.976s] Level 1:colcon.colcon_core.package_identification:_identify(src) by extension 'colcon_pkg'
[19.976s] Level 1:colcon.colcon_core.package_identification:_identify(src) by extensions ['colcon_meta']
[19.976s] Level 1:colcon.colcon_core.package_identification:_identify(src) by extension 'colcon_meta'
[19.977s] Level 1:colcon.colcon_core.package_identification:_identify(src) by extensions ['ros']
[19.977s] Level 1:colcon.colcon_core.package_identification:_identify(src) by extension 'ros'
[19.977s] Level 1:colcon.colcon_core.package_identification:_identify(src) by extensions ['cmake', 'python']
[19.977s] Level 1:colcon.colcon_core.package_identification:_identify(src) by extension 'cmake'
[19.977s] Level 1:colcon.colcon_core.package_identification:_identify(src) by extension 'python'
[19.977s] Level 1:colcon.colcon_core.package_identification:_identify(src) by extensions ['python_setup_py']
[19.977s] Level 1:colcon.colcon_core.package_identification:_identify(src) by extension 'python_setup_py'
[19.977s] Level 1:colcon.colcon_core.package_identification:_identify(src/ros2_drone_sim) by extensions ['ignore', 'ignore_ament_install']
[19.978s] Level 1:colcon.colcon_core.package_identification:_identify(src/ros2_drone_sim) by extension 'ignore'
[19.978s] Level 1:colcon.colcon_core.package_identification:_identify(src/ros2_drone_sim) by extension 'ignore_ament_install'
[19.978s] Level 1:colcon.colcon_core.package_identification:_identify(src/ros2_drone_sim) by extensions ['colcon_pkg']
[19.978s] Level 1:colcon.colcon_core.package_identification:_identify(src/ros2_drone_sim) by extension 'colcon_pkg'
[19.978s] Level 1:colcon.colcon_core.package_identification:_identify(src/ros2_drone_sim) by extensions ['colcon_meta']
[19.978s] Level 1:colcon.colcon_core.package_identification:_identify(src/ros2_drone_sim) by extension 'colcon_meta'
[19.978s] Level 1:colcon.colcon_core.package_identification:_identify(src/ros2_drone_sim) by extensions ['ros']
[19.978s] Level 1:colcon.colcon_core.package_identification:_identify(src/ros2_drone_sim) by extension 'ros'
[20.051s] DEBUG:colcon.colcon_core.package_identification:Package 'src/ros2_drone_sim' with type 'ros.ament_python' and name 'ros2_drone_sim'
[20.051s] Level 1:colcon.colcon_core.package_discovery:discover_packages(recursive) using defaults
[20.052s] Level 1:colcon.colcon_core.package_discovery:discover_packages(ignore) discover
[20.052s] Level 1:colcon.colcon_core.package_discovery:discover_packages(ignore) using defaults
[20.052s] Level 1:colcon.colcon_core.package_discovery:discover_packages(path) discover
[20.052s] Level 1:colcon.colcon_core.package_discovery:discover_packages(path) using defaults
[20.388s] Level 1:colcon.colcon_core.package_discovery:discover_packages(prefix_path) check parameters
[20.388s] Level 1:colcon.colcon_core.package_discovery:discover_packages(prefix_path) discover
[27.977s] DEBUG:colcon.colcon_installed_package_information.package_discovery:Found 1 installed packages in /home/abdullah/ros2_sim_drone/install
[28.085s] DEBUG:colcon.colcon_installed_package_information.package_discovery:Found 7 installed packages in /home/abdullah/ws/install
[46.043s] DEBUG:colcon.colcon_installed_package_information.package_discovery:Found 372 installed packages in /home/abdullah/ros2_iron/install
[46.190s] DEBUG:colcon.colcon_installed_package_information.package_discovery:Found 2 installed packages in /home/abdullah/ros2_workspace/install
[46.218s] DEBUG:colcon.colcon_installed_package_information.package_discovery:Found 220 installed packages in /opt/ros/iron
[46.244s] Level 1:colcon.colcon_core.package_discovery:discover_packages(prefix_path) using defaults
[111.351s] ERROR:colcon.colcon_core.package_augmentation:Exception in package augmentation extension 'python': 
Traceback (most recent call last):
  File "/usr/lib/python3/dist-packages/colcon_core/package_augmentation/__init__.py", line 97, in augment_packages
    retval = extension.augment_packages(
  File "/usr/lib/python3/dist-packages/colcon_installed_package_information/package_augmentation/python.py", line 44, in augment_packages
    dist = next(iter(dists))
StopIteration

[111.379s] Level 5:colcon.colcon_core.verb:set package 'ros2_drone_sim' build argument 'cmake_args' from command line to 'None'
[111.379s] Level 5:colcon.colcon_core.verb:set package 'ros2_drone_sim' build argument 'cmake_target' from command line to 'None'
[111.379s] Level 5:colcon.colcon_core.verb:set package 'ros2_drone_sim' build argument 'cmake_target_skip_unavailable' from command line to 'False'
[111.380s] Level 5:colcon.colcon_core.verb:set package 'ros2_drone_sim' build argument 'cmake_clean_cache' from command line to 'False'
[111.380s] Level 5:colcon.colcon_core.verb:set package 'ros2_drone_sim' build argument 'cmake_clean_first' from command line to 'False'
[111.380s] Level 5:colcon.colcon_core.verb:set package 'ros2_drone_sim' build argument 'cmake_force_configure' from command line to 'False'
[111.380s] Level 5:colcon.colcon_core.verb:set package 'ros2_drone_sim' build argument 'ament_cmake_args' from command line to 'None'
[111.380s] Level 5:colcon.colcon_core.verb:set package 'ros2_drone_sim' build argument 'catkin_cmake_args' from command line to 'None'
[111.380s] Level 5:colcon.colcon_core.verb:set package 'ros2_drone_sim' build argument 'catkin_skip_building_tests' from command line to 'False'
[111.380s] DEBUG:colcon.colcon_core.verb:Building package 'ros2_drone_sim' with the following arguments: {'ament_cmake_args': None, 'build_base': '/home/abdullah/ros2_sim_drone/build/ros2_drone_sim', 'catkin_cmake_args': None, 'catkin_skip_building_tests': False, 'cmake_args': None, 'cmake_clean_cache': False, 'cmake_clean_first': False, 'cmake_force_configure': False, 'cmake_target': None, 'cmake_target_skip_unavailable': False, 'install_base': '/home/abdullah/ros2_sim_drone/install/ros2_drone_sim', 'merge_install': False, 'path': '/home/abdullah/ros2_sim_drone/src/ros2_drone_sim', 'symlink_install': False, 'test_result_base': None}
[111.380s] INFO:colcon.colcon_core.executor:Executing jobs using 'parallel' executor
[111.383s] DEBUG:colcon.colcon_parallel_executor.executor.parallel:run_until_complete
[111.383s] INFO:colcon.colcon_ros.task.ament_python.build:Building ROS package in '/home/abdullah/ros2_sim_drone/src/ros2_drone_sim' with build type 'ament_python'
[111.383s] Level 1:colcon.colcon_core.shell:create_environment_hook('ros2_drone_sim', 'ament_prefix_path')
[111.527s] INFO:colcon.colcon_core.plugin_system:Skipping extension 'colcon_core.shell.bat': Not used on non-Windows systems
[111.528s] INFO:colcon.colcon_core.shell:Creating environment hook '/home/abdullah/ros2_sim_drone/install/ros2_drone_sim/share/ros2_drone_sim/hook/ament_prefix_path.ps1'
[111.631s] INFO:colcon.colcon_core.shell:Creating environment descriptor '/home/abdullah/ros2_sim_drone/install/ros2_drone_sim/share/ros2_drone_sim/hook/ament_prefix_path.dsv'
[111.667s] INFO:colcon.colcon_core.shell:Creating environment hook '/home/abdullah/ros2_sim_drone/install/ros2_drone_sim/share/ros2_drone_sim/hook/ament_prefix_path.sh'
[111.670s] INFO:colcon.colcon_core.shell:Skip shell extension 'powershell' for command environment: Not usable outside of PowerShell
[111.670s] DEBUG:colcon.colcon_core.shell:Skip shell extension 'dsv' for command environment
[114.182s] INFO:colcon.colcon_core.task.python.build:Building Python package in '/home/abdullah/ros2_sim_drone/src/ros2_drone_sim'
[114.183s] INFO:colcon.colcon_core.shell:Skip shell extension 'powershell' for command environment: Not usable outside of PowerShell
[114.183s] DEBUG:colcon.colcon_core.shell:Skip shell extension 'dsv' for command environment
[118.330s] DEBUG:colcon.colcon_core.event_handler.log_command:Invoking command in '/home/abdullah/ros2_sim_drone/src/ros2_drone_sim': PYTHONPATH=/home/abdullah/ros2_sim_drone/build/ros2_drone_sim/prefix_override:/home/abdullah/ros2_sim_drone/install/ros2_drone_sim/lib/python3.10/site-packages:${PYTHONPATH} /usr/bin/python3 -W ignore:setup.py install is deprecated setup.py egg_info --egg-base ../../build/ros2_drone_sim build --build-base /home/abdullah/ros2_sim_drone/build/ros2_drone_sim/build install --record /home/abdullah/ros2_sim_drone/build/ros2_drone_sim/install.log --single-version-externally-managed install_data
[120.098s] DEBUG:colcon.colcon_core.event_handler.log_command:Invoked command in '/home/abdullah/ros2_sim_drone/src/ros2_drone_sim' returned '0': PYTHONPATH=/home/abdullah/ros2_sim_drone/build/ros2_drone_sim/prefix_override:/home/abdullah/ros2_sim_drone/install/ros2_drone_sim/lib/python3.10/site-packages:${PYTHONPATH} /usr/bin/python3 -W ignore:setup.py install is deprecated setup.py egg_info --egg-base ../../build/ros2_drone_sim build --build-base /home/abdullah/ros2_sim_drone/build/ros2_drone_sim/build install --record /home/abdullah/ros2_sim_drone/build/ros2_drone_sim/install.log --single-version-externally-managed install_data
[120.390s] Level 1:colcon.colcon_core.environment:checking '/home/abdullah/ros2_sim_drone/install/ros2_drone_sim' for CMake module files
[120.391s] Level 1:colcon.colcon_core.environment:checking '/home/abdullah/ros2_sim_drone/install/ros2_drone_sim' for CMake config files
[120.504s] Level 1:colcon.colcon_core.environment:checking '/home/abdullah/ros2_sim_drone/install/ros2_drone_sim/lib'
[120.505s] Level 1:colcon.colcon_core.environment:checking '/home/abdullah/ros2_sim_drone/install/ros2_drone_sim/bin'
[120.505s] Level 1:colcon.colcon_core.environment:checking '/home/abdullah/ros2_sim_drone/install/ros2_drone_sim/lib/pkgconfig/ros2_drone_sim.pc'
[120.505s] Level 1:colcon.colcon_core.environment:checking '/home/abdullah/ros2_sim_drone/install/ros2_drone_sim/lib/python3.10/site-packages'
[120.505s] Level 1:colcon.colcon_core.shell:create_environment_hook('ros2_drone_sim', 'pythonpath')
[120.506s] INFO:colcon.colcon_core.shell:Creating environment hook '/home/abdullah/ros2_sim_drone/install/ros2_drone_sim/share/ros2_drone_sim/hook/pythonpath.ps1'
[120.506s] INFO:colcon.colcon_core.shell:Creating environment descriptor '/home/abdullah/ros2_sim_drone/install/ros2_drone_sim/share/ros2_drone_sim/hook/pythonpath.dsv'
[120.507s] INFO:colcon.colcon_core.shell:Creating environment hook '/home/abdullah/ros2_sim_drone/install/ros2_drone_sim/share/ros2_drone_sim/hook/pythonpath.sh'
[120.508s] Level 1:colcon.colcon_core.environment:checking '/home/abdullah/ros2_sim_drone/install/ros2_drone_sim/bin'
[120.508s] Level 1:colcon.colcon_core.environment:create_environment_scripts_only(ros2_drone_sim)
[120.508s] INFO:colcon.colcon_core.shell:Creating package script '/home/abdullah/ros2_sim_drone/install/ros2_drone_sim/share/ros2_drone_sim/package.ps1'
[120.575s] INFO:colcon.colcon_core.shell:Creating package descriptor '/home/abdullah/ros2_sim_drone/install/ros2_drone_sim/share/ros2_drone_sim/package.dsv'
[120.767s] INFO:colcon.colcon_core.shell:Creating package script '/home/abdullah/ros2_sim_drone/install/ros2_drone_sim/share/ros2_drone_sim/package.sh'
[120.838s] INFO:colcon.colcon_core.shell:Creating package script '/home/abdullah/ros2_sim_drone/install/ros2_drone_sim/share/ros2_drone_sim/package.bash'
[120.993s] INFO:colcon.colcon_core.shell:Creating package script '/home/abdullah/ros2_sim_drone/install/ros2_drone_sim/share/ros2_drone_sim/package.zsh'
[121.159s] Level 1:colcon.colcon_core.environment:create_file_with_runtime_dependencies(/home/abdullah/ros2_sim_drone/install/ros2_drone_sim/share/colcon-core/packages/ros2_drone_sim)
[121.160s] DEBUG:colcon.colcon_parallel_executor.executor.parallel:closing loop
[121.160s] DEBUG:colcon.colcon_parallel_executor.executor.parallel:loop closed
[121.161s] DEBUG:colcon.colcon_parallel_executor.executor.parallel:run_until_complete finished with '0'
[121.161s] DEBUG:colcon.colcon_core.event_reactor:joining thread
[121.853s] INFO:colcon.colcon_core.plugin_system:Skipping extension 'colcon_notification.desktop_notification.terminal_notifier': Not used on non-Darwin systems
[121.853s] INFO:colcon.colcon_core.plugin_system:Skipping extension 'colcon_notification.desktop_notification.win32': Not used on non-Windows systems
[121.853s] INFO:colcon.colcon_notification.desktop_notification:Sending desktop notification using 'notify2'
[123.120s] DEBUG:colcon.colcon_core.event_reactor:joined thread
[123.121s] INFO:colcon.colcon_core.shell:Creating prefix script '/home/abdullah/ros2_sim_drone/install/local_setup.ps1'
[123.182s] INFO:colcon.colcon_core.shell:Creating prefix util module '/home/abdullah/ros2_sim_drone/install/_local_setup_util_ps1.py'
[123.210s] INFO:colcon.colcon_core.shell:Creating prefix chain script '/home/abdullah/ros2_sim_drone/install/setup.ps1'
[123.243s] INFO:colcon.colcon_core.shell:Creating prefix script '/home/abdullah/ros2_sim_drone/install/local_setup.sh'
[123.244s] INFO:colcon.colcon_core.shell:Creating prefix util module '/home/abdullah/ros2_sim_drone/install/_local_setup_util_sh.py'
[123.246s] INFO:colcon.colcon_core.shell:Creating prefix chain script '/home/abdullah/ros2_sim_drone/install/setup.sh'
[123.277s] INFO:colcon.colcon_core.shell:Creating prefix script '/home/abdullah/ros2_sim_drone/install/local_setup.bash'
[123.323s] INFO:colcon.colcon_core.shell:Creating prefix chain script '/home/abdullah/ros2_sim_drone/install/setup.bash'
[123.354s] INFO:colcon.colcon_core.shell:Creating prefix script '/home/abdullah/ros2_sim_drone/install/local_setup.zsh'
[123.367s] INFO:colcon.colcon_core.shell:Creating prefix chain script '/home/abdullah/ros2_sim_drone/install/setup.zsh'
