[4.237s] DEBUG:colcon:Command line arguments: ['/usr/bin/colcon', 'build']
[4.237s] DEBUG:colcon:Parsed command line arguments: Namespace(log_base=None, log_level=None, verb_name='build', build_base='build', install_base='install', merge_install=False, symlink_install=False, test_result_base=None, continue_on_error=False, executor='parallel', parallel_workers=4, event_handlers=None, ignore_user_meta=False, metas=['./colcon.meta'], base_paths=['.'], packages_ignore=None, packages_ignore_regex=None, paths=None, packages_up_to=None, packages_up_to_regex=None, packages_above=None, packages_above_and_dependencies=None, packages_above_depth=None, packages_select_by_dep=None, packages_skip_by_dep=None, packages_skip_up_to=None, packages_select_build_failed=False, packages_skip_build_finished=False, packages_select_test_failures=False, packages_skip_test_passed=False, packages_select=None, packages_skip=None, packages_select_regex=None, packages_skip_regex=None, packages_start=None, packages_end=None, allow_overriding=[], cmake_args=None, cmake_target=None, cmake_target_skip_unavailable=False, cmake_clean_cache=False, cmake_clean_first=False, cmake_force_configure=False, ament_cmake_args=None, catkin_cmake_args=None, catkin_skip_building_tests=False, verb_parser=<colcon_defaults.argument_parser.defaults.DefaultArgumentsDecorator object at 0x7f6637e63fa0>, verb_extension=<colcon_core.verb.build.BuildVerb object at 0x7f6637ed7310>, main=<bound method BuildVerb.main of <colcon_core.verb.build.BuildVerb object at 0x7f6637ed7310>>)
[4.414s] Level 1:colcon.colcon_core.package_discovery:discover_packages(colcon_meta) check parameters
[4.414s] Level 1:colcon.colcon_core.package_discovery:discover_packages(recursive) check parameters
[4.414s] Level 1:colcon.colcon_core.package_discovery:discover_packages(ignore) check parameters
[4.415s] Level 1:colcon.colcon_core.package_discovery:discover_packages(path) check parameters
[4.415s] Level 1:colcon.colcon_core.package_discovery:discover_packages(colcon_meta) discover
[4.415s] Level 1:colcon.colcon_core.package_discovery:discover_packages(recursive) discover
[4.415s] INFO:colcon.colcon_core.package_discovery:Crawling recursively for packages in '/home/abdullah/ros2_sim_drone'
[4.415s] Level 1:colcon.colcon_core.package_identification:_identify(.) by extensions ['ignore', 'ignore_ament_install']
[4.415s] Level 1:colcon.colcon_core.package_identification:_identify(.) by extension 'ignore'
[4.415s] Level 1:colcon.colcon_core.package_identification:_identify(.) by extension 'ignore_ament_install'
[4.415s] Level 1:colcon.colcon_core.package_identification:_identify(.) by extensions ['colcon_pkg']
[4.416s] Level 1:colcon.colcon_core.package_identification:_identify(.) by extension 'colcon_pkg'
[4.416s] Level 1:colcon.colcon_core.package_identification:_identify(.) by extensions ['colcon_meta']
[4.416s] Level 1:colcon.colcon_core.package_identification:_identify(.) by extension 'colcon_meta'
[4.416s] Level 1:colcon.colcon_core.package_identification:_identify(.) by extensions ['ros']
[4.416s] Level 1:colcon.colcon_core.package_identification:_identify(.) by extension 'ros'
[4.433s] Level 1:colcon.colcon_core.package_identification:_identify(.) by extensions ['cmake', 'python']
[4.433s] Level 1:colcon.colcon_core.package_identification:_identify(.) by extension 'cmake'
[4.433s] Level 1:colcon.colcon_core.package_identification:_identify(.) by extension 'python'
[4.433s] Level 1:colcon.colcon_core.package_identification:_identify(.) by extensions ['python_setup_py']
[4.434s] Level 1:colcon.colcon_core.package_identification:_identify(.) by extension 'python_setup_py'
[4.434s] Level 1:colcon.colcon_core.package_identification:_identify(build) by extensions ['ignore', 'ignore_ament_install']
[4.434s] Level 1:colcon.colcon_core.package_identification:_identify(build) by extension 'ignore'
[4.434s] Level 1:colcon.colcon_core.package_identification:_identify(build) ignored
[4.434s] Level 1:colcon.colcon_core.package_identification:_identify(install) by extensions ['ignore', 'ignore_ament_install']
[4.435s] Level 1:colcon.colcon_core.package_identification:_identify(install) by extension 'ignore'
[4.435s] Level 1:colcon.colcon_core.package_identification:_identify(install) ignored
[4.435s] Level 1:colcon.colcon_core.package_identification:_identify(log) by extensions ['ignore', 'ignore_ament_install']
[4.435s] Level 1:colcon.colcon_core.package_identification:_identify(log) by extension 'ignore'
[4.435s] Level 1:colcon.colcon_core.package_identification:_identify(log) ignored
[4.435s] Level 1:colcon.colcon_core.package_identification:_identify(src) by extensions ['ignore', 'ignore_ament_install']
[4.436s] Level 1:colcon.colcon_core.package_identification:_identify(src) by extension 'ignore'
[4.436s] Level 1:colcon.colcon_core.package_identification:_identify(src) by extension 'ignore_ament_install'
[4.436s] Level 1:colcon.colcon_core.package_identification:_identify(src) by extensions ['colcon_pkg']
[4.436s] Level 1:colcon.colcon_core.package_identification:_identify(src) by extension 'colcon_pkg'
[4.436s] Level 1:colcon.colcon_core.package_identification:_identify(src) by extensions ['colcon_meta']
[4.436s] Level 1:colcon.colcon_core.package_identification:_identify(src) by extension 'colcon_meta'
[4.436s] Level 1:colcon.colcon_core.package_identification:_identify(src) by extensions ['ros']
[4.436s] Level 1:colcon.colcon_core.package_identification:_identify(src) by extension 'ros'
[4.436s] Level 1:colcon.colcon_core.package_identification:_identify(src) by extensions ['cmake', 'python']
[4.436s] Level 1:colcon.colcon_core.package_identification:_identify(src) by extension 'cmake'
[4.437s] Level 1:colcon.colcon_core.package_identification:_identify(src) by extension 'python'
[4.437s] Level 1:colcon.colcon_core.package_identification:_identify(src) by extensions ['python_setup_py']
[4.437s] Level 1:colcon.colcon_core.package_identification:_identify(src) by extension 'python_setup_py'
[4.437s] Level 1:colcon.colcon_core.package_identification:_identify(src/ros2_drone_sim) by extensions ['ignore', 'ignore_ament_install']
[4.437s] Level 1:colcon.colcon_core.package_identification:_identify(src/ros2_drone_sim) by extension 'ignore'
[4.437s] Level 1:colcon.colcon_core.package_identification:_identify(src/ros2_drone_sim) by extension 'ignore_ament_install'
[4.437s] Level 1:colcon.colcon_core.package_identification:_identify(src/ros2_drone_sim) by extensions ['colcon_pkg']
[4.437s] Level 1:colcon.colcon_core.package_identification:_identify(src/ros2_drone_sim) by extension 'colcon_pkg'
[4.438s] Level 1:colcon.colcon_core.package_identification:_identify(src/ros2_drone_sim) by extensions ['colcon_meta']
[4.438s] Level 1:colcon.colcon_core.package_identification:_identify(src/ros2_drone_sim) by extension 'colcon_meta'
[4.438s] Level 1:colcon.colcon_core.package_identification:_identify(src/ros2_drone_sim) by extensions ['ros']
[4.438s] Level 1:colcon.colcon_core.package_identification:_identify(src/ros2_drone_sim) by extension 'ros'
[4.441s] DEBUG:colcon.colcon_core.package_identification:Package 'src/ros2_drone_sim' with type 'ros.ament_python' and name 'ros2_drone_sim'
[4.441s] Level 1:colcon.colcon_core.package_discovery:discover_packages(recursive) using defaults
[4.441s] Level 1:colcon.colcon_core.package_discovery:discover_packages(ignore) discover
[4.441s] Level 1:colcon.colcon_core.package_discovery:discover_packages(ignore) using defaults
[4.441s] Level 1:colcon.colcon_core.package_discovery:discover_packages(path) discover
[4.441s] Level 1:colcon.colcon_core.package_discovery:discover_packages(path) using defaults
[4.812s] Level 1:colcon.colcon_core.package_discovery:discover_packages(prefix_path) check parameters
[4.812s] Level 1:colcon.colcon_core.package_discovery:discover_packages(prefix_path) discover
[5.029s] DEBUG:colcon.colcon_installed_package_information.package_discovery:Found 1 installed packages in /home/abdullah/ros2_sim_drone/install
[5.092s] DEBUG:colcon.colcon_installed_package_information.package_discovery:Found 7 installed packages in /home/abdullah/ws/install
[5.174s] DEBUG:colcon.colcon_installed_package_information.package_discovery:Found 372 installed packages in /home/abdullah/ros2_iron/install
[5.243s] DEBUG:colcon.colcon_installed_package_information.package_discovery:Found 2 installed packages in /home/abdullah/ros2_workspace/install
[5.308s] DEBUG:colcon.colcon_installed_package_information.package_discovery:Found 189 installed packages in /opt/ros/iron
[5.321s] Level 1:colcon.colcon_core.package_discovery:discover_packages(prefix_path) using defaults
[5.558s] Level 5:colcon.colcon_core.verb:set package 'ros2_drone_sim' build argument 'cmake_args' from command line to 'None'
[5.558s] Level 5:colcon.colcon_core.verb:set package 'ros2_drone_sim' build argument 'cmake_target' from command line to 'None'
[5.558s] Level 5:colcon.colcon_core.verb:set package 'ros2_drone_sim' build argument 'cmake_target_skip_unavailable' from command line to 'False'
[5.558s] Level 5:colcon.colcon_core.verb:set package 'ros2_drone_sim' build argument 'cmake_clean_cache' from command line to 'False'
[5.558s] Level 5:colcon.colcon_core.verb:set package 'ros2_drone_sim' build argument 'cmake_clean_first' from command line to 'False'
[5.558s] Level 5:colcon.colcon_core.verb:set package 'ros2_drone_sim' build argument 'cmake_force_configure' from command line to 'False'
[5.558s] Level 5:colcon.colcon_core.verb:set package 'ros2_drone_sim' build argument 'ament_cmake_args' from command line to 'None'
[5.559s] Level 5:colcon.colcon_core.verb:set package 'ros2_drone_sim' build argument 'catkin_cmake_args' from command line to 'None'
[5.559s] Level 5:colcon.colcon_core.verb:set package 'ros2_drone_sim' build argument 'catkin_skip_building_tests' from command line to 'False'
[5.559s] DEBUG:colcon.colcon_core.verb:Building package 'ros2_drone_sim' with the following arguments: {'ament_cmake_args': None, 'build_base': '/home/abdullah/ros2_sim_drone/build/ros2_drone_sim', 'catkin_cmake_args': None, 'catkin_skip_building_tests': False, 'cmake_args': None, 'cmake_clean_cache': False, 'cmake_clean_first': False, 'cmake_force_configure': False, 'cmake_target': None, 'cmake_target_skip_unavailable': False, 'install_base': '/home/abdullah/ros2_sim_drone/install/ros2_drone_sim', 'merge_install': False, 'path': '/home/abdullah/ros2_sim_drone/src/ros2_drone_sim', 'symlink_install': False, 'test_result_base': None}
[5.621s] INFO:colcon.colcon_core.executor:Executing jobs using 'parallel' executor
[5.688s] DEBUG:colcon.colcon_parallel_executor.executor.parallel:run_until_complete
[5.688s] INFO:colcon.colcon_ros.task.ament_python.build:Building ROS package in '/home/abdullah/ros2_sim_drone/src/ros2_drone_sim' with build type 'ament_python'
[5.689s] Level 1:colcon.colcon_core.shell:create_environment_hook('ros2_drone_sim', 'ament_prefix_path')
[5.768s] INFO:colcon.colcon_core.plugin_system:Skipping extension 'colcon_core.shell.bat': Not used on non-Windows systems
[5.769s] INFO:colcon.colcon_core.shell:Creating environment hook '/home/abdullah/ros2_sim_drone/install/ros2_drone_sim/share/ros2_drone_sim/hook/ament_prefix_path.ps1'
[5.770s] INFO:colcon.colcon_core.shell:Creating environment descriptor '/home/abdullah/ros2_sim_drone/install/ros2_drone_sim/share/ros2_drone_sim/hook/ament_prefix_path.dsv'
[5.770s] INFO:colcon.colcon_core.shell:Creating environment hook '/home/abdullah/ros2_sim_drone/install/ros2_drone_sim/share/ros2_drone_sim/hook/ament_prefix_path.sh'
[5.877s] INFO:colcon.colcon_core.shell:Skip shell extension 'powershell' for command environment: Not usable outside of PowerShell
[5.877s] DEBUG:colcon.colcon_core.shell:Skip shell extension 'dsv' for command environment
[7.253s] INFO:colcon.colcon_core.task.python.build:Building Python package in '/home/abdullah/ros2_sim_drone/src/ros2_drone_sim'
[7.330s] INFO:colcon.colcon_core.shell:Skip shell extension 'powershell' for command environment: Not usable outside of PowerShell
[7.330s] DEBUG:colcon.colcon_core.shell:Skip shell extension 'dsv' for command environment
[9.046s] DEBUG:colcon.colcon_core.event_handler.log_command:Invoking command in '/home/abdullah/ros2_sim_drone/src/ros2_drone_sim': PYTHONPATH=/home/abdullah/ros2_sim_drone/build/ros2_drone_sim/prefix_override:/home/abdullah/ros2_sim_drone/install/ros2_drone_sim/lib/python3.10/site-packages:${PYTHONPATH} /usr/bin/python3 setup.py egg_info --egg-base ../../build/ros2_drone_sim build --build-base /home/abdullah/ros2_sim_drone/build/ros2_drone_sim/build install --record /home/abdullah/ros2_sim_drone/build/ros2_drone_sim/install.log --single-version-externally-managed
[9.996s] DEBUG:colcon.colcon_core.event_handler.log_command:Invoked command in '/home/abdullah/ros2_sim_drone/src/ros2_drone_sim' returned '0': PYTHONPATH=/home/abdullah/ros2_sim_drone/build/ros2_drone_sim/prefix_override:/home/abdullah/ros2_sim_drone/install/ros2_drone_sim/lib/python3.10/site-packages:${PYTHONPATH} /usr/bin/python3 setup.py egg_info --egg-base ../../build/ros2_drone_sim build --build-base /home/abdullah/ros2_sim_drone/build/ros2_drone_sim/build install --record /home/abdullah/ros2_sim_drone/build/ros2_drone_sim/install.log --single-version-externally-managed
[10.080s] Level 1:colcon.colcon_core.environment:checking '/home/abdullah/ros2_sim_drone/install/ros2_drone_sim' for CMake module files
[10.081s] Level 1:colcon.colcon_core.environment:checking '/home/abdullah/ros2_sim_drone/install/ros2_drone_sim' for CMake config files
[10.082s] Level 1:colcon.colcon_core.environment:checking '/home/abdullah/ros2_sim_drone/install/ros2_drone_sim/lib'
[10.082s] Level 1:colcon.colcon_core.environment:checking '/home/abdullah/ros2_sim_drone/install/ros2_drone_sim/bin'
[10.082s] Level 1:colcon.colcon_core.environment:checking '/home/abdullah/ros2_sim_drone/install/ros2_drone_sim/lib/pkgconfig/ros2_drone_sim.pc'
[10.083s] Level 1:colcon.colcon_core.environment:checking '/home/abdullah/ros2_sim_drone/install/ros2_drone_sim/lib/python3.10/site-packages'
[10.083s] Level 1:colcon.colcon_core.shell:create_environment_hook('ros2_drone_sim', 'pythonpath')
[10.154s] INFO:colcon.colcon_core.shell:Creating environment hook '/home/abdullah/ros2_sim_drone/install/ros2_drone_sim/share/ros2_drone_sim/hook/pythonpath.ps1'
[10.154s] INFO:colcon.colcon_core.shell:Creating environment descriptor '/home/abdullah/ros2_sim_drone/install/ros2_drone_sim/share/ros2_drone_sim/hook/pythonpath.dsv'
[10.155s] INFO:colcon.colcon_core.shell:Creating environment hook '/home/abdullah/ros2_sim_drone/install/ros2_drone_sim/share/ros2_drone_sim/hook/pythonpath.sh'
[10.156s] Level 1:colcon.colcon_core.environment:checking '/home/abdullah/ros2_sim_drone/install/ros2_drone_sim/bin'
[10.156s] Level 1:colcon.colcon_core.environment:create_environment_scripts_only(ros2_drone_sim)
[10.222s] INFO:colcon.colcon_core.shell:Creating package script '/home/abdullah/ros2_sim_drone/install/ros2_drone_sim/share/ros2_drone_sim/package.ps1'
[10.223s] INFO:colcon.colcon_core.shell:Creating package descriptor '/home/abdullah/ros2_sim_drone/install/ros2_drone_sim/share/ros2_drone_sim/package.dsv'
[10.224s] INFO:colcon.colcon_core.shell:Creating package script '/home/abdullah/ros2_sim_drone/install/ros2_drone_sim/share/ros2_drone_sim/package.sh'
[10.225s] INFO:colcon.colcon_core.shell:Creating package script '/home/abdullah/ros2_sim_drone/install/ros2_drone_sim/share/ros2_drone_sim/package.bash'
[10.226s] INFO:colcon.colcon_core.shell:Creating package script '/home/abdullah/ros2_sim_drone/install/ros2_drone_sim/share/ros2_drone_sim/package.zsh'
[10.226s] Level 1:colcon.colcon_core.environment:create_file_with_runtime_dependencies(/home/abdullah/ros2_sim_drone/install/ros2_drone_sim/share/colcon-core/packages/ros2_drone_sim)
[10.227s] DEBUG:colcon.colcon_parallel_executor.executor.parallel:closing loop
[10.228s] DEBUG:colcon.colcon_parallel_executor.executor.parallel:loop closed
[10.228s] DEBUG:colcon.colcon_parallel_executor.executor.parallel:run_until_complete finished with '0'
[10.228s] DEBUG:colcon.colcon_core.event_reactor:joining thread
[10.333s] INFO:colcon.colcon_core.plugin_system:Skipping extension 'colcon_notification.desktop_notification.terminal_notifier': Not used on non-Darwin systems
[10.333s] INFO:colcon.colcon_core.plugin_system:Skipping extension 'colcon_notification.desktop_notification.win32': Not used on non-Windows systems
[10.333s] INFO:colcon.colcon_notification.desktop_notification:Sending desktop notification using 'notify2'
[10.353s] DEBUG:colcon.colcon_core.event_reactor:joined thread
[10.423s] INFO:colcon.colcon_core.shell:Creating prefix script '/home/abdullah/ros2_sim_drone/install/local_setup.ps1'
[10.424s] INFO:colcon.colcon_core.shell:Creating prefix util module '/home/abdullah/ros2_sim_drone/install/_local_setup_util_ps1.py'
[10.426s] INFO:colcon.colcon_core.shell:Creating prefix chain script '/home/abdullah/ros2_sim_drone/install/setup.ps1'
[10.518s] INFO:colcon.colcon_core.shell:Creating prefix script '/home/abdullah/ros2_sim_drone/install/local_setup.sh'
[10.519s] INFO:colcon.colcon_core.shell:Creating prefix util module '/home/abdullah/ros2_sim_drone/install/_local_setup_util_sh.py'
[10.519s] INFO:colcon.colcon_core.shell:Creating prefix chain script '/home/abdullah/ros2_sim_drone/install/setup.sh'
[10.609s] INFO:colcon.colcon_core.shell:Creating prefix script '/home/abdullah/ros2_sim_drone/install/local_setup.bash'
[10.610s] INFO:colcon.colcon_core.shell:Creating prefix chain script '/home/abdullah/ros2_sim_drone/install/setup.bash'
[10.707s] INFO:colcon.colcon_core.shell:Creating prefix script '/home/abdullah/ros2_sim_drone/install/local_setup.zsh'
[10.708s] INFO:colcon.colcon_core.shell:Creating prefix chain script '/home/abdullah/ros2_sim_drone/install/setup.zsh'
