[4.167s] DEBUG:colcon:Command line arguments: ['/usr/bin/colcon', 'build']
[4.167s] DEBUG:colcon:Parsed command line arguments: Namespace(log_base=None, log_level=None, verb_name='build', build_base='build', install_base='install', merge_install=False, symlink_install=False, test_result_base=None, continue_on_error=False, executor='parallel', parallel_workers=4, event_handlers=None, ignore_user_meta=False, metas=['./colcon.meta'], base_paths=['.'], packages_ignore=None, packages_ignore_regex=None, paths=None, packages_up_to=None, packages_up_to_regex=None, packages_above=None, packages_above_and_dependencies=None, packages_above_depth=None, packages_select_by_dep=None, packages_skip_by_dep=None, packages_skip_up_to=None, packages_select_build_failed=False, packages_skip_build_finished=False, packages_select_test_failures=False, packages_skip_test_passed=False, packages_select=None, packages_skip=None, packages_select_regex=None, packages_skip_regex=None, packages_start=None, packages_end=None, allow_overriding=[], cmake_args=None, cmake_target=None, cmake_target_skip_unavailable=False, cmake_clean_cache=False, cmake_clean_first=False, cmake_force_configure=False, ament_cmake_args=None, catkin_cmake_args=None, catkin_skip_building_tests=False, verb_parser=<colcon_defaults.argument_parser.defaults.DefaultArgumentsDecorator object at 0x7fb8ce622860>, verb_extension=<colcon_core.verb.build.BuildVerb object at 0x7fb8ce623550>, main=<bound method BuildVerb.main of <colcon_core.verb.build.BuildVerb object at 0x7fb8ce623550>>)
[4.340s] Level 1:colcon.colcon_core.package_discovery:discover_packages(colcon_meta) check parameters
[4.340s] Level 1:colcon.colcon_core.package_discovery:discover_packages(recursive) check parameters
[4.340s] Level 1:colcon.colcon_core.package_discovery:discover_packages(ignore) check parameters
[4.340s] Level 1:colcon.colcon_core.package_discovery:discover_packages(path) check parameters
[4.340s] Level 1:colcon.colcon_core.package_discovery:discover_packages(colcon_meta) discover
[4.341s] Level 1:colcon.colcon_core.package_discovery:discover_packages(recursive) discover
[4.341s] INFO:colcon.colcon_core.package_discovery:Crawling recursively for packages in '/home/abdullah/ros2_sim_drone'
[4.341s] Level 1:colcon.colcon_core.package_identification:_identify(.) by extensions ['ignore', 'ignore_ament_install']
[4.341s] Level 1:colcon.colcon_core.package_identification:_identify(.) by extension 'ignore'
[4.341s] Level 1:colcon.colcon_core.package_identification:_identify(.) by extension 'ignore_ament_install'
[4.341s] Level 1:colcon.colcon_core.package_identification:_identify(.) by extensions ['colcon_pkg']
[4.341s] Level 1:colcon.colcon_core.package_identification:_identify(.) by extension 'colcon_pkg'
[4.341s] Level 1:colcon.colcon_core.package_identification:_identify(.) by extensions ['colcon_meta']
[4.341s] Level 1:colcon.colcon_core.package_identification:_identify(.) by extension 'colcon_meta'
[4.342s] Level 1:colcon.colcon_core.package_identification:_identify(.) by extensions ['ros']
[4.342s] Level 1:colcon.colcon_core.package_identification:_identify(.) by extension 'ros'
[4.358s] Level 1:colcon.colcon_core.package_identification:_identify(.) by extensions ['cmake', 'python']
[4.359s] Level 1:colcon.colcon_core.package_identification:_identify(.) by extension 'cmake'
[4.359s] Level 1:colcon.colcon_core.package_identification:_identify(.) by extension 'python'
[4.359s] Level 1:colcon.colcon_core.package_identification:_identify(.) by extensions ['python_setup_py']
[4.359s] Level 1:colcon.colcon_core.package_identification:_identify(.) by extension 'python_setup_py'
[4.359s] Level 1:colcon.colcon_core.package_identification:_identify(build) by extensions ['ignore', 'ignore_ament_install']
[4.359s] Level 1:colcon.colcon_core.package_identification:_identify(build) by extension 'ignore'
[4.359s] Level 1:colcon.colcon_core.package_identification:_identify(build) ignored
[4.360s] Level 1:colcon.colcon_core.package_identification:_identify(install) by extensions ['ignore', 'ignore_ament_install']
[4.360s] Level 1:colcon.colcon_core.package_identification:_identify(install) by extension 'ignore'
[4.360s] Level 1:colcon.colcon_core.package_identification:_identify(install) ignored
[4.360s] Level 1:colcon.colcon_core.package_identification:_identify(log) by extensions ['ignore', 'ignore_ament_install']
[4.360s] Level 1:colcon.colcon_core.package_identification:_identify(log) by extension 'ignore'
[4.360s] Level 1:colcon.colcon_core.package_identification:_identify(log) ignored
[4.361s] Level 1:colcon.colcon_core.package_identification:_identify(src) by extensions ['ignore', 'ignore_ament_install']
[4.361s] Level 1:colcon.colcon_core.package_identification:_identify(src) by extension 'ignore'
[4.361s] Level 1:colcon.colcon_core.package_identification:_identify(src) by extension 'ignore_ament_install'
[4.361s] Level 1:colcon.colcon_core.package_identification:_identify(src) by extensions ['colcon_pkg']
[4.361s] Level 1:colcon.colcon_core.package_identification:_identify(src) by extension 'colcon_pkg'
[4.361s] Level 1:colcon.colcon_core.package_identification:_identify(src) by extensions ['colcon_meta']
[4.361s] Level 1:colcon.colcon_core.package_identification:_identify(src) by extension 'colcon_meta'
[4.361s] Level 1:colcon.colcon_core.package_identification:_identify(src) by extensions ['ros']
[4.361s] Level 1:colcon.colcon_core.package_identification:_identify(src) by extension 'ros'
[4.362s] Level 1:colcon.colcon_core.package_identification:_identify(src) by extensions ['cmake', 'python']
[4.362s] Level 1:colcon.colcon_core.package_identification:_identify(src) by extension 'cmake'
[4.362s] Level 1:colcon.colcon_core.package_identification:_identify(src) by extension 'python'
[4.362s] Level 1:colcon.colcon_core.package_identification:_identify(src) by extensions ['python_setup_py']
[4.362s] Level 1:colcon.colcon_core.package_identification:_identify(src) by extension 'python_setup_py'
[4.362s] Level 1:colcon.colcon_core.package_identification:_identify(src/ros2_drone_sim) by extensions ['ignore', 'ignore_ament_install']
[4.362s] Level 1:colcon.colcon_core.package_identification:_identify(src/ros2_drone_sim) by extension 'ignore'
[4.362s] Level 1:colcon.colcon_core.package_identification:_identify(src/ros2_drone_sim) by extension 'ignore_ament_install'
[4.363s] Level 1:colcon.colcon_core.package_identification:_identify(src/ros2_drone_sim) by extensions ['colcon_pkg']
[4.363s] Level 1:colcon.colcon_core.package_identification:_identify(src/ros2_drone_sim) by extension 'colcon_pkg'
[4.363s] Level 1:colcon.colcon_core.package_identification:_identify(src/ros2_drone_sim) by extensions ['colcon_meta']
[4.363s] Level 1:colcon.colcon_core.package_identification:_identify(src/ros2_drone_sim) by extension 'colcon_meta'
[4.363s] Level 1:colcon.colcon_core.package_identification:_identify(src/ros2_drone_sim) by extensions ['ros']
[4.363s] Level 1:colcon.colcon_core.package_identification:_identify(src/ros2_drone_sim) by extension 'ros'
[4.366s] DEBUG:colcon.colcon_core.package_identification:Package 'src/ros2_drone_sim' with type 'ros.ament_python' and name 'ros2_drone_sim'
[4.366s] Level 1:colcon.colcon_core.package_discovery:discover_packages(recursive) using defaults
[4.366s] Level 1:colcon.colcon_core.package_discovery:discover_packages(ignore) discover
[4.366s] Level 1:colcon.colcon_core.package_discovery:discover_packages(ignore) using defaults
[4.366s] Level 1:colcon.colcon_core.package_discovery:discover_packages(path) discover
[4.366s] Level 1:colcon.colcon_core.package_discovery:discover_packages(path) using defaults
[4.734s] Level 1:colcon.colcon_core.package_discovery:discover_packages(prefix_path) check parameters
[4.734s] Level 1:colcon.colcon_core.package_discovery:discover_packages(prefix_path) discover
[4.898s] DEBUG:colcon.colcon_installed_package_information.package_discovery:Found 7 installed packages in /home/abdullah/ws/install
[5.016s] DEBUG:colcon.colcon_installed_package_information.package_discovery:Found 372 installed packages in /home/abdullah/ros2_iron/install
[5.087s] DEBUG:colcon.colcon_installed_package_information.package_discovery:Found 2 installed packages in /home/abdullah/ros2_workspace/install
[5.150s] DEBUG:colcon.colcon_installed_package_information.package_discovery:Found 189 installed packages in /opt/ros/iron
[5.163s] Level 1:colcon.colcon_core.package_discovery:discover_packages(prefix_path) using defaults
[5.393s] Level 5:colcon.colcon_core.verb:set package 'ros2_drone_sim' build argument 'cmake_args' from command line to 'None'
[5.393s] Level 5:colcon.colcon_core.verb:set package 'ros2_drone_sim' build argument 'cmake_target' from command line to 'None'
[5.394s] Level 5:colcon.colcon_core.verb:set package 'ros2_drone_sim' build argument 'cmake_target_skip_unavailable' from command line to 'False'
[5.394s] Level 5:colcon.colcon_core.verb:set package 'ros2_drone_sim' build argument 'cmake_clean_cache' from command line to 'False'
[5.394s] Level 5:colcon.colcon_core.verb:set package 'ros2_drone_sim' build argument 'cmake_clean_first' from command line to 'False'
[5.394s] Level 5:colcon.colcon_core.verb:set package 'ros2_drone_sim' build argument 'cmake_force_configure' from command line to 'False'
[5.394s] Level 5:colcon.colcon_core.verb:set package 'ros2_drone_sim' build argument 'ament_cmake_args' from command line to 'None'
[5.394s] Level 5:colcon.colcon_core.verb:set package 'ros2_drone_sim' build argument 'catkin_cmake_args' from command line to 'None'
[5.394s] Level 5:colcon.colcon_core.verb:set package 'ros2_drone_sim' build argument 'catkin_skip_building_tests' from command line to 'False'
[5.394s] DEBUG:colcon.colcon_core.verb:Building package 'ros2_drone_sim' with the following arguments: {'ament_cmake_args': None, 'build_base': '/home/abdullah/ros2_sim_drone/build/ros2_drone_sim', 'catkin_cmake_args': None, 'catkin_skip_building_tests': False, 'cmake_args': None, 'cmake_clean_cache': False, 'cmake_clean_first': False, 'cmake_force_configure': False, 'cmake_target': None, 'cmake_target_skip_unavailable': False, 'install_base': '/home/abdullah/ros2_sim_drone/install/ros2_drone_sim', 'merge_install': False, 'path': '/home/abdullah/ros2_sim_drone/src/ros2_drone_sim', 'symlink_install': False, 'test_result_base': None}
[5.460s] INFO:colcon.colcon_core.executor:Executing jobs using 'parallel' executor
[5.525s] DEBUG:colcon.colcon_parallel_executor.executor.parallel:run_until_complete
[5.525s] INFO:colcon.colcon_ros.task.ament_python.build:Building ROS package in '/home/abdullah/ros2_sim_drone/src/ros2_drone_sim' with build type 'ament_python'
[5.525s] Level 1:colcon.colcon_core.shell:create_environment_hook('ros2_drone_sim', 'ament_prefix_path')
[5.604s] INFO:colcon.colcon_core.plugin_system:Skipping extension 'colcon_core.shell.bat': Not used on non-Windows systems
[5.604s] INFO:colcon.colcon_core.shell:Creating environment hook '/home/abdullah/ros2_sim_drone/install/ros2_drone_sim/share/ros2_drone_sim/hook/ament_prefix_path.ps1'
[5.605s] INFO:colcon.colcon_core.shell:Creating environment descriptor '/home/abdullah/ros2_sim_drone/install/ros2_drone_sim/share/ros2_drone_sim/hook/ament_prefix_path.dsv'
[5.606s] INFO:colcon.colcon_core.shell:Creating environment hook '/home/abdullah/ros2_sim_drone/install/ros2_drone_sim/share/ros2_drone_sim/hook/ament_prefix_path.sh'
[5.675s] INFO:colcon.colcon_core.shell:Skip shell extension 'powershell' for command environment: Not usable outside of PowerShell
[5.675s] DEBUG:colcon.colcon_core.shell:Skip shell extension 'dsv' for command environment
[6.968s] INFO:colcon.colcon_core.task.python.build:Building Python package in '/home/abdullah/ros2_sim_drone/src/ros2_drone_sim'
[7.058s] INFO:colcon.colcon_core.shell:Skip shell extension 'powershell' for command environment: Not usable outside of PowerShell
[7.058s] DEBUG:colcon.colcon_core.shell:Skip shell extension 'dsv' for command environment
[8.650s] DEBUG:colcon.colcon_core.event_handler.log_command:Invoking command in '/home/abdullah/ros2_sim_drone/src/ros2_drone_sim': PYTHONPATH=/home/abdullah/ros2_sim_drone/build/ros2_drone_sim/prefix_override:/home/abdullah/ros2_sim_drone/install/ros2_drone_sim/lib/python3.10/site-packages:${PYTHONPATH} /usr/bin/python3 setup.py egg_info --egg-base ../../build/ros2_drone_sim build --build-base /home/abdullah/ros2_sim_drone/build/ros2_drone_sim/build install --record /home/abdullah/ros2_sim_drone/build/ros2_drone_sim/install.log --single-version-externally-managed
[9.620s] DEBUG:colcon.colcon_core.event_handler.log_command:Invoked command in '/home/abdullah/ros2_sim_drone/src/ros2_drone_sim' returned '0': PYTHONPATH=/home/abdullah/ros2_sim_drone/build/ros2_drone_sim/prefix_override:/home/abdullah/ros2_sim_drone/install/ros2_drone_sim/lib/python3.10/site-packages:${PYTHONPATH} /usr/bin/python3 setup.py egg_info --egg-base ../../build/ros2_drone_sim build --build-base /home/abdullah/ros2_sim_drone/build/ros2_drone_sim/build install --record /home/abdullah/ros2_sim_drone/build/ros2_drone_sim/install.log --single-version-externally-managed
[9.819s] Level 1:colcon.colcon_core.environment:checking '/home/abdullah/ros2_sim_drone/install/ros2_drone_sim' for CMake module files
[9.820s] Level 1:colcon.colcon_core.environment:checking '/home/abdullah/ros2_sim_drone/install/ros2_drone_sim' for CMake config files
[9.822s] Level 1:colcon.colcon_core.environment:checking '/home/abdullah/ros2_sim_drone/install/ros2_drone_sim/lib'
[9.822s] Level 1:colcon.colcon_core.environment:checking '/home/abdullah/ros2_sim_drone/install/ros2_drone_sim/bin'
[9.822s] Level 1:colcon.colcon_core.environment:checking '/home/abdullah/ros2_sim_drone/install/ros2_drone_sim/lib/pkgconfig/ros2_drone_sim.pc'
[9.823s] Level 1:colcon.colcon_core.environment:checking '/home/abdullah/ros2_sim_drone/install/ros2_drone_sim/lib/python3.10/site-packages'
[9.823s] Level 1:colcon.colcon_core.shell:create_environment_hook('ros2_drone_sim', 'pythonpath')
[9.911s] INFO:colcon.colcon_core.shell:Creating environment hook '/home/abdullah/ros2_sim_drone/install/ros2_drone_sim/share/ros2_drone_sim/hook/pythonpath.ps1'
[9.912s] INFO:colcon.colcon_core.shell:Creating environment descriptor '/home/abdullah/ros2_sim_drone/install/ros2_drone_sim/share/ros2_drone_sim/hook/pythonpath.dsv'
[9.912s] INFO:colcon.colcon_core.shell:Creating environment hook '/home/abdullah/ros2_sim_drone/install/ros2_drone_sim/share/ros2_drone_sim/hook/pythonpath.sh'
[9.913s] Level 1:colcon.colcon_core.environment:checking '/home/abdullah/ros2_sim_drone/install/ros2_drone_sim/bin'
[9.913s] Level 1:colcon.colcon_core.environment:create_environment_scripts_only(ros2_drone_sim)
[10.029s] INFO:colcon.colcon_core.shell:Creating package script '/home/abdullah/ros2_sim_drone/install/ros2_drone_sim/share/ros2_drone_sim/package.ps1'
[10.051s] INFO:colcon.colcon_core.shell:Creating package descriptor '/home/abdullah/ros2_sim_drone/install/ros2_drone_sim/share/ros2_drone_sim/package.dsv'
[10.072s] INFO:colcon.colcon_core.shell:Creating package script '/home/abdullah/ros2_sim_drone/install/ros2_drone_sim/share/ros2_drone_sim/package.sh'
[10.073s] INFO:colcon.colcon_core.shell:Creating package script '/home/abdullah/ros2_sim_drone/install/ros2_drone_sim/share/ros2_drone_sim/package.bash'
[10.094s] INFO:colcon.colcon_core.shell:Creating package script '/home/abdullah/ros2_sim_drone/install/ros2_drone_sim/share/ros2_drone_sim/package.zsh'
[10.115s] Level 1:colcon.colcon_core.environment:create_file_with_runtime_dependencies(/home/abdullah/ros2_sim_drone/install/ros2_drone_sim/share/colcon-core/packages/ros2_drone_sim)
[10.117s] DEBUG:colcon.colcon_parallel_executor.executor.parallel:closing loop
[10.117s] DEBUG:colcon.colcon_parallel_executor.executor.parallel:loop closed
[10.118s] DEBUG:colcon.colcon_parallel_executor.executor.parallel:run_until_complete finished with '0'
[10.118s] DEBUG:colcon.colcon_core.event_reactor:joining thread
[10.209s] INFO:colcon.colcon_core.plugin_system:Skipping extension 'colcon_notification.desktop_notification.terminal_notifier': Not used on non-Darwin systems
[10.209s] INFO:colcon.colcon_core.plugin_system:Skipping extension 'colcon_notification.desktop_notification.win32': Not used on non-Windows systems
[10.209s] INFO:colcon.colcon_notification.desktop_notification:Sending desktop notification using 'notify2'
[10.227s] DEBUG:colcon.colcon_core.event_reactor:joined thread
[10.326s] INFO:colcon.colcon_core.shell:Creating prefix script '/home/abdullah/ros2_sim_drone/install/local_setup.ps1'
[10.327s] INFO:colcon.colcon_core.shell:Creating prefix util module '/home/abdullah/ros2_sim_drone/install/_local_setup_util_ps1.py'
[10.329s] INFO:colcon.colcon_core.shell:Creating prefix chain script '/home/abdullah/ros2_sim_drone/install/setup.ps1'
[10.419s] INFO:colcon.colcon_core.shell:Creating prefix script '/home/abdullah/ros2_sim_drone/install/local_setup.sh'
[10.419s] INFO:colcon.colcon_core.shell:Creating prefix util module '/home/abdullah/ros2_sim_drone/install/_local_setup_util_sh.py'
[10.420s] INFO:colcon.colcon_core.shell:Creating prefix chain script '/home/abdullah/ros2_sim_drone/install/setup.sh'
[10.508s] INFO:colcon.colcon_core.shell:Creating prefix script '/home/abdullah/ros2_sim_drone/install/local_setup.bash'
[10.509s] INFO:colcon.colcon_core.shell:Creating prefix chain script '/home/abdullah/ros2_sim_drone/install/setup.bash'
[10.598s] INFO:colcon.colcon_core.shell:Creating prefix script '/home/abdullah/ros2_sim_drone/install/local_setup.zsh'
[10.599s] INFO:colcon.colcon_core.shell:Creating prefix chain script '/home/abdullah/ros2_sim_drone/install/setup.zsh'
