[9.569s] Invoking command in '/home/abdullah/ros2_sim_drone/src/ros2_drone_sim': PYTHONPATH=/home/abdullah/ros2_sim_drone/build/ros2_drone_sim/prefix_override:/home/abdullah/ros2_sim_drone/install/ros2_drone_sim/lib/python3.10/site-packages:${PYTHONPATH} /usr/bin/python3 -W ignore:setup.py install is deprecated setup.py egg_info --egg-base ../../build/ros2_drone_sim build --build-base /home/abdullah/ros2_sim_drone/build/ros2_drone_sim/build install --record /home/abdullah/ros2_sim_drone/build/ros2_drone_sim/install.log --single-version-externally-managed install_data
[13.616s] running egg_info
[13.621s] writing ../../build/ros2_drone_sim/ros2_drone_sim.egg-info/PKG-INFO
[13.624s] writing dependency_links to ../../build/ros2_drone_sim/ros2_drone_sim.egg-info/dependency_links.txt
[13.625s] writing entry points to ../../build/ros2_drone_sim/ros2_drone_sim.egg-info/entry_points.txt
[13.626s] writing requirements to ../../build/ros2_drone_sim/ros2_drone_sim.egg-info/requires.txt
[13.626s] writing top-level names to ../../build/ros2_drone_sim/ros2_drone_sim.egg-info/top_level.txt
[13.642s] reading manifest file '../../build/ros2_drone_sim/ros2_drone_sim.egg-info/SOURCES.txt'
[13.643s] adding license file 'LICENSE'
[13.647s] writing manifest file '../../build/ros2_drone_sim/ros2_drone_sim.egg-info/SOURCES.txt'
[13.647s] running build
[13.648s] running build_py
[13.657s] running install
[13.658s] running install_lib
[13.674s] running install_data
[13.676s] copying worlds/mav.tlog.raw -> /home/abdullah/ros2_sim_drone/install/ros2_drone_sim/share/ros2_drone_sim/worlds
[13.721s] copying worlds/mav.tlog -> /home/abdullah/ros2_sim_drone/install/ros2_drone_sim/share/ros2_drone_sim/worlds
[13.778s] running install_egg_info
[13.811s] removing '/home/abdullah/ros2_sim_drone/install/ros2_drone_sim/lib/python3.10/site-packages/ros2_drone_sim-0.0.0-py3.10.egg-info' (and everything under it)
[13.819s] Copying ../../build/ros2_drone_sim/ros2_drone_sim.egg-info to /home/abdullah/ros2_sim_drone/install/ros2_drone_sim/lib/python3.10/site-packages/ros2_drone_sim-0.0.0-py3.10.egg-info
[13.846s] running install_scripts
[14.136s] Installing drone_info_node script to /home/abdullah/ros2_sim_drone/install/ros2_drone_sim/lib/ros2_drone_sim
[14.137s] writing list of installed files to '/home/abdullah/ros2_sim_drone/build/ros2_drone_sim/install.log'
[14.278s] Invoked command in '/home/abdullah/ros2_sim_drone/src/ros2_drone_sim' returned '0': PYTHONPATH=/home/abdullah/ros2_sim_drone/build/ros2_drone_sim/prefix_override:/home/abdullah/ros2_sim_drone/install/ros2_drone_sim/lib/python3.10/site-packages:${PYTHONPATH} /usr/bin/python3 -W ignore:setup.py install is deprecated setup.py egg_info --egg-base ../../build/ros2_drone_sim build --build-base /home/abdullah/ros2_sim_drone/build/ros2_drone_sim/build install --record /home/abdullah/ros2_sim_drone/build/ros2_drone_sim/install.log --single-version-externally-managed install_data
