[6.943s] Invoking command in '/home/abdullah/ros2_sim_drone/src/ros2_drone_sim': PYTHONPATH=/home/abdullah/ros2_sim_drone/build/ros2_drone_sim/prefix_override:/home/abdullah/ros2_sim_drone/install/ros2_drone_sim/lib/python3.10/site-packages:${PYTHONPATH} /usr/bin/python3 -W ignore:setup.py install is deprecated setup.py egg_info --egg-base ../../build/ros2_drone_sim build --build-base /home/abdullah/ros2_sim_drone/build/ros2_drone_sim/build install --record /home/abdullah/ros2_sim_drone/build/ros2_drone_sim/install.log --single-version-externally-managed install_data
[8.390s] running egg_info
[8.393s] writing ../../build/ros2_drone_sim/ros2_drone_sim.egg-info/PKG-INFO
[8.396s] writing dependency_links to ../../build/ros2_drone_sim/ros2_drone_sim.egg-info/dependency_links.txt
[8.402s] writing entry points to ../../build/ros2_drone_sim/ros2_drone_sim.egg-info/entry_points.txt
[8.403s] writing requirements to ../../build/ros2_drone_sim/ros2_drone_sim.egg-info/requires.txt
[8.403s] writing top-level names to ../../build/ros2_drone_sim/ros2_drone_sim.egg-info/top_level.txt
[8.407s] reading manifest file '../../build/ros2_drone_sim/ros2_drone_sim.egg-info/SOURCES.txt'
[8.441s] adding license file 'LICENSE'
[8.443s] writing manifest file '../../build/ros2_drone_sim/ros2_drone_sim.egg-info/SOURCES.txt'
[8.444s] running build
[8.444s] running build_py
[8.445s] copying ros2_drone_sim/drone_info.py -> /home/abdullah/ros2_sim_drone/build/ros2_drone_sim/build/lib/ros2_drone_sim
[8.455s] running install
[8.455s] running install_lib
[8.471s] copying /home/abdullah/ros2_sim_drone/build/ros2_drone_sim/build/lib/ros2_drone_sim/drone_info.py -> /home/abdullah/ros2_sim_drone/install/ros2_drone_sim/lib/python3.10/site-packages/ros2_drone_sim
[8.504s] byte-compiling /home/abdullah/ros2_sim_drone/install/ros2_drone_sim/lib/python3.10/site-packages/ros2_drone_sim/drone_info.py to drone_info.cpython-310.pyc
[8.505s] running install_data
[8.505s] copying package.xml -> /home/abdullah/ros2_sim_drone/install/ros2_drone_sim/share/ros2_drone_sim
[8.529s] running install_egg_info
[8.535s] removing '/home/abdullah/ros2_sim_drone/install/ros2_drone_sim/lib/python3.10/site-packages/ros2_drone_sim-0.0.0-py3.10.egg-info' (and everything under it)
[8.542s] Copying ../../build/ros2_drone_sim/ros2_drone_sim.egg-info to /home/abdullah/ros2_sim_drone/install/ros2_drone_sim/lib/python3.10/site-packages/ros2_drone_sim-0.0.0-py3.10.egg-info
[8.566s] running install_scripts
[8.637s] Installing drone_info_node script to /home/abdullah/ros2_sim_drone/install/ros2_drone_sim/lib/ros2_drone_sim
[8.638s] writing list of installed files to '/home/abdullah/ros2_sim_drone/build/ros2_drone_sim/install.log'
[8.711s] Invoked command in '/home/abdullah/ros2_sim_drone/src/ros2_drone_sim' returned '0': PYTHONPATH=/home/abdullah/ros2_sim_drone/build/ros2_drone_sim/prefix_override:/home/abdullah/ros2_sim_drone/install/ros2_drone_sim/lib/python3.10/site-packages:${PYTHONPATH} /usr/bin/python3 -W ignore:setup.py install is deprecated setup.py egg_info --egg-base ../../build/ros2_drone_sim build --build-base /home/abdullah/ros2_sim_drone/build/ros2_drone_sim/build install --record /home/abdullah/ros2_sim_drone/build/ros2_drone_sim/install.log --single-version-externally-managed install_data
