[3.124s] Invoking command in '/home/abdullah/ros2_sim_drone/src/ros2_drone_sim': PYTHONPATH=/home/abdullah/ros2_sim_drone/build/ros2_drone_sim/prefix_override:/home/abdullah/ros2_sim_drone/install/ros2_drone_sim/lib/python3.10/site-packages:${PYTHONPATH} /usr/bin/python3 setup.py egg_info --egg-base ../../build/ros2_drone_sim build --build-base /home/abdullah/ros2_sim_drone/build/ros2_drone_sim/build install --record /home/abdullah/ros2_sim_drone/build/ros2_drone_sim/install.log --single-version-externally-managed
[3.981s] running egg_info
[3.982s] writing ../../build/ros2_drone_sim/ros2_drone_sim.egg-info/PKG-INFO
[3.982s] writing dependency_links to ../../build/ros2_drone_sim/ros2_drone_sim.egg-info/dependency_links.txt
[3.982s] writing entry points to ../../build/ros2_drone_sim/ros2_drone_sim.egg-info/entry_points.txt
[3.983s] writing requirements to ../../build/ros2_drone_sim/ros2_drone_sim.egg-info/requires.txt
[3.983s] writing top-level names to ../../build/ros2_drone_sim/ros2_drone_sim.egg-info/top_level.txt
[3.987s] reading manifest file '../../build/ros2_drone_sim/ros2_drone_sim.egg-info/SOURCES.txt'
[3.988s] adding license file 'LICENSE'
[3.990s] writing manifest file '../../build/ros2_drone_sim/ros2_drone_sim.egg-info/SOURCES.txt'
[3.990s] running build
[3.990s] running build_py
[3.990s] running install
[3.991s] running install_lib
[3.996s] running install_data
[3.998s] creating /home/abdullah/ros2_sim_drone/install/ros2_drone_sim/share/ros2_drone_sim/launch
[3.998s] copying launch/gazebo.launch.py -> /home/abdullah/ros2_sim_drone/install/ros2_drone_sim/share/ros2_drone_sim/launch
[3.998s] running install_egg_info
[4.003s] Copying ../../build/ros2_drone_sim/ros2_drone_sim.egg-info to /home/abdullah/ros2_sim_drone/install/ros2_drone_sim/lib/python3.10/site-packages/ros2_drone_sim-0.0.0-py3.10.egg-info
[4.005s] running install_scripts
[4.053s] writing list of installed files to '/home/abdullah/ros2_sim_drone/build/ros2_drone_sim/install.log'
[4.094s] Invoked command in '/home/abdullah/ros2_sim_drone/src/ros2_drone_sim' returned '0': PYTHONPATH=/home/abdullah/ros2_sim_drone/build/ros2_drone_sim/prefix_override:/home/abdullah/ros2_sim_drone/install/ros2_drone_sim/lib/python3.10/site-packages:${PYTHONPATH} /usr/bin/python3 setup.py egg_info --egg-base ../../build/ros2_drone_sim build --build-base /home/abdullah/ros2_sim_drone/build/ros2_drone_sim/build install --record /home/abdullah/ros2_sim_drone/build/ros2_drone_sim/install.log --single-version-externally-managed
