[5.097s] Invoking command in '/home/abdullah/ros2_sim_drone/src/ros2_drone_sim': PYTHONPATH=/home/abdullah/ros2_sim_drone/build/ros2_drone_sim/prefix_override:/home/abdullah/ros2_sim_drone/install/ros2_drone_sim/lib/python3.10/site-packages:${PYTHONPATH} /usr/bin/python3 setup.py egg_info --egg-base ../../build/ros2_drone_sim build --build-base /home/abdullah/ros2_sim_drone/build/ros2_drone_sim/build install --record /home/abdullah/ros2_sim_drone/build/ros2_drone_sim/install.log --single-version-externally-managed
[6.019s] running egg_info
[6.020s] creating ../../build/ros2_drone_sim/ros2_drone_sim.egg-info
[6.020s] writing ../../build/ros2_drone_sim/ros2_drone_sim.egg-info/PKG-INFO
[6.021s] writing dependency_links to ../../build/ros2_drone_sim/ros2_drone_sim.egg-info/dependency_links.txt
[6.021s] writing entry points to ../../build/ros2_drone_sim/ros2_drone_sim.egg-info/entry_points.txt
[6.021s] writing requirements to ../../build/ros2_drone_sim/ros2_drone_sim.egg-info/requires.txt
[6.021s] writing top-level names to ../../build/ros2_drone_sim/ros2_drone_sim.egg-info/top_level.txt
[6.022s] writing manifest file '../../build/ros2_drone_sim/ros2_drone_sim.egg-info/SOURCES.txt'
[6.026s] reading manifest file '../../build/ros2_drone_sim/ros2_drone_sim.egg-info/SOURCES.txt'
[6.027s] adding license file 'LICENSE'
[6.028s] writing manifest file '../../build/ros2_drone_sim/ros2_drone_sim.egg-info/SOURCES.txt'
[6.028s] running build
[6.028s] running build_py
[6.029s] creating /home/abdullah/ros2_sim_drone/build/ros2_drone_sim/build
[6.029s] creating /home/abdullah/ros2_sim_drone/build/ros2_drone_sim/build/lib
[6.029s] creating /home/abdullah/ros2_sim_drone/build/ros2_drone_sim/build/lib/ros2_drone_sim
[6.029s] copying ros2_drone_sim/__init__.py -> /home/abdullah/ros2_sim_drone/build/ros2_drone_sim/build/lib/ros2_drone_sim
[6.030s] running install
[6.030s] running install_lib
[6.031s] creating /home/abdullah/ros2_sim_drone/install/ros2_drone_sim/lib/python3.10/site-packages/ros2_drone_sim
[6.032s] copying /home/abdullah/ros2_sim_drone/build/ros2_drone_sim/build/lib/ros2_drone_sim/__init__.py -> /home/abdullah/ros2_sim_drone/install/ros2_drone_sim/lib/python3.10/site-packages/ros2_drone_sim
[6.037s] byte-compiling /home/abdullah/ros2_sim_drone/install/ros2_drone_sim/lib/python3.10/site-packages/ros2_drone_sim/__init__.py to __init__.cpython-310.pyc
[6.037s] running install_data
[6.039s] creating /home/abdullah/ros2_sim_drone/install/ros2_drone_sim/share/ament_index
[6.039s] creating /home/abdullah/ros2_sim_drone/install/ros2_drone_sim/share/ament_index/resource_index
[6.039s] creating /home/abdullah/ros2_sim_drone/install/ros2_drone_sim/share/ament_index/resource_index/packages
[6.039s] copying resource/ros2_drone_sim -> /home/abdullah/ros2_sim_drone/install/ros2_drone_sim/share/ament_index/resource_index/packages
[6.040s] copying package.xml -> /home/abdullah/ros2_sim_drone/install/ros2_drone_sim/share/ros2_drone_sim
[6.040s] creating /home/abdullah/ros2_sim_drone/install/ros2_drone_sim/share/ros2_drone_sim/worlds
[6.040s] copying worlds/iris_runway.sdf -> /home/abdullah/ros2_sim_drone/install/ros2_drone_sim/share/ros2_drone_sim/worlds
[6.040s] copying worlds/gimbal.sdf -> /home/abdullah/ros2_sim_drone/install/ros2_drone_sim/share/ros2_drone_sim/worlds
[6.040s] copying worlds/zephyr_parachute.sdf -> /home/abdullah/ros2_sim_drone/install/ros2_drone_sim/share/ros2_drone_sim/worlds
[6.040s] copying worlds/zephyr_runway.sdf -> /home/abdullah/ros2_sim_drone/install/ros2_drone_sim/share/ros2_drone_sim/worlds
[6.041s] copying worlds/iris_warehouse.sdf -> /home/abdullah/ros2_sim_drone/install/ros2_drone_sim/share/ros2_drone_sim/worlds
[6.041s] creating /home/abdullah/ros2_sim_drone/install/ros2_drone_sim/share/ros2_drone_sim/models
[6.041s] error: can't copy 'models/iris_with_ardupilot': doesn't exist or not a regular file
[6.075s] Invoked command in '/home/abdullah/ros2_sim_drone/src/ros2_drone_sim' returned '1': PYTHONPATH=/home/abdullah/ros2_sim_drone/build/ros2_drone_sim/prefix_override:/home/abdullah/ros2_sim_drone/install/ros2_drone_sim/lib/python3.10/site-packages:${PYTHONPATH} /usr/bin/python3 setup.py egg_info --egg-base ../../build/ros2_drone_sim build --build-base /home/abdullah/ros2_sim_drone/build/ros2_drone_sim/build install --record /home/abdullah/ros2_sim_drone/build/ros2_drone_sim/install.log --single-version-externally-managed
