[13.056s] DEBUG:colcon:Command line arguments: ['/usr/bin/colcon', 'list', '-p', '--base-paths', '/home/abdullah/ros2_sim_drone']
[13.056s] DEBUG:colcon:Parsed command line arguments: Namespace(log_base=None, log_level=None, verb_name='list', build_base='build', ignore_user_meta=False, metas=['./colcon.meta'], base_paths=['/home/abdullah/ros2_sim_drone'], packages_ignore=None, packages_ignore_regex=None, paths=None, packages_up_to=None, packages_up_to_regex=None, packages_above=None, packages_above_and_dependencies=None, packages_above_depth=None, packages_select_by_dep=None, packages_skip_by_dep=None, packages_skip_up_to=None, packages_select_build_failed=False, packages_skip_build_finished=False, packages_select_test_failures=False, packages_skip_test_passed=False, packages_select=None, packages_skip=None, packages_select_regex=None, packages_skip_regex=None, packages_start=None, packages_end=None, allow_overriding=[], topological_order=False, names_only=False, paths_only=True, topological_graph=False, topological_graph_dot=False, topological_graph_density=False, topological_graph_legend=False, topological_graph_dot_cluster=False, topological_graph_dot_include_skipped=False, verb_parser=<colcon_defaults.argument_parser.defaults.DefaultArgumentsDecorator object at 0x7f733b3bfa30>, verb_extension=<colcon_package_information.verb.list.ListVerb object at 0x7f733b3bd210>, main=<bound method ListVerb.main of <colcon_package_information.verb.list.ListVerb object at 0x7f733b3bd210>>)
[13.279s] Level 1:colcon.colcon_core.package_discovery:discover_packages(colcon_meta) check parameters
[13.279s] Level 1:colcon.colcon_core.package_discovery:discover_packages(recursive) check parameters
[13.280s] Level 1:colcon.colcon_core.package_discovery:discover_packages(ignore) check parameters
[13.280s] Level 1:colcon.colcon_core.package_discovery:discover_packages(path) check parameters
[13.280s] Level 1:colcon.colcon_core.package_discovery:discover_packages(recursive) discover
[13.280s] INFO:colcon.colcon_core.package_discovery:Crawling recursively for packages in '/home/abdullah/ros2_sim_drone'
[13.280s] Level 1:colcon.colcon_core.package_identification:_identify(/home/abdullah/ros2_sim_drone) by extensions ['ignore', 'ignore_ament_install']
[13.280s] Level 1:colcon.colcon_core.package_identification:_identify(/home/abdullah/ros2_sim_drone) by extension 'ignore'
[13.280s] Level 1:colcon.colcon_core.package_identification:_identify(/home/abdullah/ros2_sim_drone) by extension 'ignore_ament_install'
[13.281s] Level 1:colcon.colcon_core.package_identification:_identify(/home/abdullah/ros2_sim_drone) by extensions ['colcon_pkg']
[13.281s] Level 1:colcon.colcon_core.package_identification:_identify(/home/abdullah/ros2_sim_drone) by extension 'colcon_pkg'
[13.281s] Level 1:colcon.colcon_core.package_identification:_identify(/home/abdullah/ros2_sim_drone) by extensions ['colcon_meta']
[13.281s] Level 1:colcon.colcon_core.package_identification:_identify(/home/abdullah/ros2_sim_drone) by extension 'colcon_meta'
[13.281s] Level 1:colcon.colcon_core.package_identification:_identify(/home/abdullah/ros2_sim_drone) by extensions ['ros']
[13.281s] Level 1:colcon.colcon_core.package_identification:_identify(/home/abdullah/ros2_sim_drone) by extension 'ros'
[13.299s] Level 1:colcon.colcon_core.package_identification:_identify(/home/abdullah/ros2_sim_drone) by extensions ['cmake', 'python']
[13.299s] Level 1:colcon.colcon_core.package_identification:_identify(/home/abdullah/ros2_sim_drone) by extension 'cmake'
[13.299s] Level 1:colcon.colcon_core.package_identification:_identify(/home/abdullah/ros2_sim_drone) by extension 'python'
[13.299s] Level 1:colcon.colcon_core.package_identification:_identify(/home/abdullah/ros2_sim_drone) by extensions ['python_setup_py']
[13.299s] Level 1:colcon.colcon_core.package_identification:_identify(/home/abdullah/ros2_sim_drone) by extension 'python_setup_py'
[13.300s] Level 1:colcon.colcon_core.package_identification:_identify(/home/abdullah/ros2_sim_drone/log) by extensions ['ignore', 'ignore_ament_install']
[13.300s] Level 1:colcon.colcon_core.package_identification:_identify(/home/abdullah/ros2_sim_drone/log) by extension 'ignore'
[13.300s] Level 1:colcon.colcon_core.package_identification:_identify(/home/abdullah/ros2_sim_drone/log) ignored
[13.300s] Level 1:colcon.colcon_core.package_identification:_identify(/home/abdullah/ros2_sim_drone/src) by extensions ['ignore', 'ignore_ament_install']
[13.301s] Level 1:colcon.colcon_core.package_identification:_identify(/home/abdullah/ros2_sim_drone/src) by extension 'ignore'
[13.301s] Level 1:colcon.colcon_core.package_identification:_identify(/home/abdullah/ros2_sim_drone/src) by extension 'ignore_ament_install'
[13.301s] Level 1:colcon.colcon_core.package_identification:_identify(/home/abdullah/ros2_sim_drone/src) by extensions ['colcon_pkg']
[13.301s] Level 1:colcon.colcon_core.package_identification:_identify(/home/abdullah/ros2_sim_drone/src) by extension 'colcon_pkg'
[13.301s] Level 1:colcon.colcon_core.package_identification:_identify(/home/abdullah/ros2_sim_drone/src) by extensions ['colcon_meta']
[13.301s] Level 1:colcon.colcon_core.package_identification:_identify(/home/abdullah/ros2_sim_drone/src) by extension 'colcon_meta'
[13.301s] Level 1:colcon.colcon_core.package_identification:_identify(/home/abdullah/ros2_sim_drone/src) by extensions ['ros']
[13.301s] Level 1:colcon.colcon_core.package_identification:_identify(/home/abdullah/ros2_sim_drone/src) by extension 'ros'
[13.302s] Level 1:colcon.colcon_core.package_identification:_identify(/home/abdullah/ros2_sim_drone/src) by extensions ['cmake', 'python']
[13.302s] Level 1:colcon.colcon_core.package_identification:_identify(/home/abdullah/ros2_sim_drone/src) by extension 'cmake'
[13.302s] Level 1:colcon.colcon_core.package_identification:_identify(/home/abdullah/ros2_sim_drone/src) by extension 'python'
[13.302s] Level 1:colcon.colcon_core.package_identification:_identify(/home/abdullah/ros2_sim_drone/src) by extensions ['python_setup_py']
[13.302s] Level 1:colcon.colcon_core.package_identification:_identify(/home/abdullah/ros2_sim_drone/src) by extension 'python_setup_py'
[13.302s] Level 1:colcon.colcon_core.package_identification:_identify(/home/abdullah/ros2_sim_drone/src/ros2_drone_sim) by extensions ['ignore', 'ignore_ament_install']
[13.302s] Level 1:colcon.colcon_core.package_identification:_identify(/home/abdullah/ros2_sim_drone/src/ros2_drone_sim) by extension 'ignore'
[13.302s] Level 1:colcon.colcon_core.package_identification:_identify(/home/abdullah/ros2_sim_drone/src/ros2_drone_sim) by extension 'ignore_ament_install'
[13.303s] Level 1:colcon.colcon_core.package_identification:_identify(/home/abdullah/ros2_sim_drone/src/ros2_drone_sim) by extensions ['colcon_pkg']
[13.303s] Level 1:colcon.colcon_core.package_identification:_identify(/home/abdullah/ros2_sim_drone/src/ros2_drone_sim) by extension 'colcon_pkg'
[13.303s] Level 1:colcon.colcon_core.package_identification:_identify(/home/abdullah/ros2_sim_drone/src/ros2_drone_sim) by extensions ['colcon_meta']
[13.303s] Level 1:colcon.colcon_core.package_identification:_identify(/home/abdullah/ros2_sim_drone/src/ros2_drone_sim) by extension 'colcon_meta'
[13.303s] Level 1:colcon.colcon_core.package_identification:_identify(/home/abdullah/ros2_sim_drone/src/ros2_drone_sim) by extensions ['ros']
[13.303s] Level 1:colcon.colcon_core.package_identification:_identify(/home/abdullah/ros2_sim_drone/src/ros2_drone_sim) by extension 'ros'
[13.307s] DEBUG:colcon.colcon_core.package_identification:Package '/home/abdullah/ros2_sim_drone/src/ros2_drone_sim' with type 'ros.ament_python' and name 'ros2_drone_sim'
[13.307s] Level 1:colcon.colcon_core.package_discovery:discover_packages(recursive) using defaults
