[23.670s] DEBUG:colcon:Command line arguments: ['/usr/bin/colcon', 'build']
[23.671s] DEBUG:colcon:Parsed command line arguments: Namespace(log_base=None, log_level=None, verb_name='build', build_base='build', install_base='install', merge_install=False, symlink_install=False, test_result_base=None, continue_on_error=False, executor='parallel', parallel_workers=4, event_handlers=None, ignore_user_meta=False, metas=['./colcon.meta'], base_paths=['.'], packages_ignore=None, packages_ignore_regex=None, paths=None, packages_up_to=None, packages_up_to_regex=None, packages_above=None, packages_above_and_dependencies=None, packages_above_depth=None, packages_select_by_dep=None, packages_skip_by_dep=None, packages_skip_up_to=None, packages_select_build_failed=False, packages_skip_build_finished=False, packages_select_test_failures=False, packages_skip_test_passed=False, packages_select=None, packages_skip=None, packages_select_regex=None, packages_skip_regex=None, packages_start=None, packages_end=None, allow_overriding=[], cmake_args=None, cmake_target=None, cmake_target_skip_unavailable=False, cmake_clean_cache=False, cmake_clean_first=False, cmake_force_configure=False, ament_cmake_args=None, catkin_cmake_args=None, catkin_skip_building_tests=False, verb_parser=<colcon_defaults.argument_parser.defaults.DefaultArgumentsDecorator object at 0x7fbda5a92410>, verb_extension=<colcon_core.verb.build.BuildVerb object at 0x7fbda5b93ca0>, main=<bound method BuildVerb.main of <colcon_core.verb.build.BuildVerb object at 0x7fbda5b93ca0>>)
[51.476s] Level 1:colcon.colcon_core.package_discovery:discover_packages(colcon_meta) check parameters
[51.478s] Level 1:colcon.colcon_core.package_discovery:discover_packages(recursive) check parameters
[51.478s] Level 1:colcon.colcon_core.package_discovery:discover_packages(ignore) check parameters
[51.479s] Level 1:colcon.colcon_core.package_discovery:discover_packages(path) check parameters
[51.479s] Level 1:colcon.colcon_core.package_discovery:discover_packages(colcon_meta) discover
[51.480s] Level 1:colcon.colcon_core.package_discovery:discover_packages(recursive) discover
[51.480s] INFO:colcon.colcon_core.package_discovery:Crawling recursively for packages in '/home/abdullah/ros2_sim_drone'
[51.480s] Level 1:colcon.colcon_core.package_identification:_identify(.) by extensions ['ignore', 'ignore_ament_install']
[51.481s] Level 1:colcon.colcon_core.package_identification:_identify(.) by extension 'ignore'
[51.481s] Level 1:colcon.colcon_core.package_identification:_identify(.) by extension 'ignore_ament_install'
[51.482s] Level 1:colcon.colcon_core.package_identification:_identify(.) by extensions ['colcon_pkg']
[51.482s] Level 1:colcon.colcon_core.package_identification:_identify(.) by extension 'colcon_pkg'
[51.484s] Level 1:colcon.colcon_core.package_identification:_identify(.) by extensions ['colcon_meta']
[51.484s] Level 1:colcon.colcon_core.package_identification:_identify(.) by extension 'colcon_meta'
[51.485s] Level 1:colcon.colcon_core.package_identification:_identify(.) by extensions ['ros']
[51.485s] Level 1:colcon.colcon_core.package_identification:_identify(.) by extension 'ros'
[51.807s] Level 1:colcon.colcon_core.package_identification:_identify(.) by extensions ['cmake', 'python']
[51.809s] Level 1:colcon.colcon_core.package_identification:_identify(.) by extension 'cmake'
[51.813s] Level 1:colcon.colcon_core.package_identification:_identify(.) by extension 'python'
[51.815s] Level 1:colcon.colcon_core.package_identification:_identify(.) by extensions ['python_setup_py']
[51.816s] Level 1:colcon.colcon_core.package_identification:_identify(.) by extension 'python_setup_py'
[51.827s] Level 1:colcon.colcon_core.package_identification:_identify(build) by extensions ['ignore', 'ignore_ament_install']
[51.835s] Level 1:colcon.colcon_core.package_identification:_identify(build) by extension 'ignore'
[51.836s] Level 1:colcon.colcon_core.package_identification:_identify(build) ignored
[51.836s] Level 1:colcon.colcon_core.package_identification:_identify(install) by extensions ['ignore', 'ignore_ament_install']
[51.837s] Level 1:colcon.colcon_core.package_identification:_identify(install) by extension 'ignore'
[51.837s] Level 1:colcon.colcon_core.package_identification:_identify(install) ignored
[51.839s] Level 1:colcon.colcon_core.package_identification:_identify(log) by extensions ['ignore', 'ignore_ament_install']
[51.839s] Level 1:colcon.colcon_core.package_identification:_identify(log) by extension 'ignore'
[51.840s] Level 1:colcon.colcon_core.package_identification:_identify(log) ignored
[51.841s] Level 1:colcon.colcon_core.package_identification:_identify(src) by extensions ['ignore', 'ignore_ament_install']
[51.841s] Level 1:colcon.colcon_core.package_identification:_identify(src) by extension 'ignore'
[51.842s] Level 1:colcon.colcon_core.package_identification:_identify(src) by extension 'ignore_ament_install'
[51.842s] Level 1:colcon.colcon_core.package_identification:_identify(src) by extensions ['colcon_pkg']
[51.843s] Level 1:colcon.colcon_core.package_identification:_identify(src) by extension 'colcon_pkg'
[51.843s] Level 1:colcon.colcon_core.package_identification:_identify(src) by extensions ['colcon_meta']
[51.843s] Level 1:colcon.colcon_core.package_identification:_identify(src) by extension 'colcon_meta'
[51.844s] Level 1:colcon.colcon_core.package_identification:_identify(src) by extensions ['ros']
[51.844s] Level 1:colcon.colcon_core.package_identification:_identify(src) by extension 'ros'
[51.844s] Level 1:colcon.colcon_core.package_identification:_identify(src) by extensions ['cmake', 'python']
[51.844s] Level 1:colcon.colcon_core.package_identification:_identify(src) by extension 'cmake'
[51.844s] Level 1:colcon.colcon_core.package_identification:_identify(src) by extension 'python'
[51.844s] Level 1:colcon.colcon_core.package_identification:_identify(src) by extensions ['python_setup_py']
[51.845s] Level 1:colcon.colcon_core.package_identification:_identify(src) by extension 'python_setup_py'
[51.845s] Level 1:colcon.colcon_core.package_identification:_identify(src/ros2_drone_sim) by extensions ['ignore', 'ignore_ament_install']
[51.845s] Level 1:colcon.colcon_core.package_identification:_identify(src/ros2_drone_sim) by extension 'ignore'
[51.845s] Level 1:colcon.colcon_core.package_identification:_identify(src/ros2_drone_sim) by extension 'ignore_ament_install'
[51.845s] Level 1:colcon.colcon_core.package_identification:_identify(src/ros2_drone_sim) by extensions ['colcon_pkg']
[51.846s] Level 1:colcon.colcon_core.package_identification:_identify(src/ros2_drone_sim) by extension 'colcon_pkg'
[51.846s] Level 1:colcon.colcon_core.package_identification:_identify(src/ros2_drone_sim) by extensions ['colcon_meta']
[51.846s] Level 1:colcon.colcon_core.package_identification:_identify(src/ros2_drone_sim) by extension 'colcon_meta'
[51.846s] Level 1:colcon.colcon_core.package_identification:_identify(src/ros2_drone_sim) by extensions ['ros']
[51.846s] Level 1:colcon.colcon_core.package_identification:_identify(src/ros2_drone_sim) by extension 'ros'
[51.910s] DEBUG:colcon.colcon_core.package_identification:Package 'src/ros2_drone_sim' with type 'ros.ament_python' and name 'ros2_drone_sim'
[51.911s] Level 1:colcon.colcon_core.package_discovery:discover_packages(recursive) using defaults
[51.911s] Level 1:colcon.colcon_core.package_discovery:discover_packages(ignore) discover
[51.912s] Level 1:colcon.colcon_core.package_discovery:discover_packages(ignore) using defaults
[51.912s] Level 1:colcon.colcon_core.package_discovery:discover_packages(path) discover
[51.912s] Level 1:colcon.colcon_core.package_discovery:discover_packages(path) using defaults
[53.048s] Level 1:colcon.colcon_core.package_discovery:discover_packages(prefix_path) check parameters
[53.049s] Level 1:colcon.colcon_core.package_discovery:discover_packages(prefix_path) discover
[56.749s] DEBUG:colcon.colcon_installed_package_information.package_discovery:Found 7 installed packages in /home/abdullah/ws/install
[79.779s] DEBUG:colcon.colcon_installed_package_information.package_discovery:Found 372 installed packages in /home/abdullah/ros2_iron/install
[80.011s] DEBUG:colcon.colcon_installed_package_information.package_discovery:Found 2 installed packages in /home/abdullah/ros2_workspace/install
[80.102s] DEBUG:colcon.colcon_installed_package_information.package_discovery:Found 220 installed packages in /opt/ros/iron
[80.157s] Level 1:colcon.colcon_core.package_discovery:discover_packages(prefix_path) using defaults
[142.693s] Level 5:colcon.colcon_core.verb:set package 'ros2_drone_sim' build argument 'cmake_args' from command line to 'None'
[142.693s] Level 5:colcon.colcon_core.verb:set package 'ros2_drone_sim' build argument 'cmake_target' from command line to 'None'
[142.693s] Level 5:colcon.colcon_core.verb:set package 'ros2_drone_sim' build argument 'cmake_target_skip_unavailable' from command line to 'False'
[142.693s] Level 5:colcon.colcon_core.verb:set package 'ros2_drone_sim' build argument 'cmake_clean_cache' from command line to 'False'
[142.693s] Level 5:colcon.colcon_core.verb:set package 'ros2_drone_sim' build argument 'cmake_clean_first' from command line to 'False'
[142.693s] Level 5:colcon.colcon_core.verb:set package 'ros2_drone_sim' build argument 'cmake_force_configure' from command line to 'False'
[142.693s] Level 5:colcon.colcon_core.verb:set package 'ros2_drone_sim' build argument 'ament_cmake_args' from command line to 'None'
[142.693s] Level 5:colcon.colcon_core.verb:set package 'ros2_drone_sim' build argument 'catkin_cmake_args' from command line to 'None'
[142.694s] Level 5:colcon.colcon_core.verb:set package 'ros2_drone_sim' build argument 'catkin_skip_building_tests' from command line to 'False'
[142.694s] DEBUG:colcon.colcon_core.verb:Building package 'ros2_drone_sim' with the following arguments: {'ament_cmake_args': None, 'build_base': '/home/abdullah/ros2_sim_drone/build/ros2_drone_sim', 'catkin_cmake_args': None, 'catkin_skip_building_tests': False, 'cmake_args': None, 'cmake_clean_cache': False, 'cmake_clean_first': False, 'cmake_force_configure': False, 'cmake_target': None, 'cmake_target_skip_unavailable': False, 'install_base': '/home/abdullah/ros2_sim_drone/install/ros2_drone_sim', 'merge_install': False, 'path': '/home/abdullah/ros2_sim_drone/src/ros2_drone_sim', 'symlink_install': False, 'test_result_base': None}
[142.694s] INFO:colcon.colcon_core.executor:Executing jobs using 'parallel' executor
[142.700s] DEBUG:colcon.colcon_parallel_executor.executor.parallel:run_until_complete
[142.701s] INFO:colcon.colcon_ros.task.ament_python.build:Building ROS package in '/home/abdullah/ros2_sim_drone/src/ros2_drone_sim' with build type 'ament_python'
[142.701s] Level 1:colcon.colcon_core.shell:create_environment_hook('ros2_drone_sim', 'ament_prefix_path')
[142.902s] INFO:colcon.colcon_core.plugin_system:Skipping extension 'colcon_core.shell.bat': Not used on non-Windows systems
[142.903s] INFO:colcon.colcon_core.shell:Creating environment hook '/home/abdullah/ros2_sim_drone/install/ros2_drone_sim/share/ros2_drone_sim/hook/ament_prefix_path.ps1'
[142.937s] INFO:colcon.colcon_core.shell:Creating environment descriptor '/home/abdullah/ros2_sim_drone/install/ros2_drone_sim/share/ros2_drone_sim/hook/ament_prefix_path.dsv'
[142.950s] INFO:colcon.colcon_core.shell:Creating environment hook '/home/abdullah/ros2_sim_drone/install/ros2_drone_sim/share/ros2_drone_sim/hook/ament_prefix_path.sh'
[142.955s] INFO:colcon.colcon_core.shell:Skip shell extension 'powershell' for command environment: Not usable outside of PowerShell
[142.955s] DEBUG:colcon.colcon_core.shell:Skip shell extension 'dsv' for command environment
[146.352s] INFO:colcon.colcon_core.task.python.build:Building Python package in '/home/abdullah/ros2_sim_drone/src/ros2_drone_sim'
[146.353s] INFO:colcon.colcon_core.shell:Skip shell extension 'powershell' for command environment: Not usable outside of PowerShell
[146.353s] DEBUG:colcon.colcon_core.shell:Skip shell extension 'dsv' for command environment
[153.851s] DEBUG:colcon.colcon_core.event_handler.log_command:Invoking command in '/home/abdullah/ros2_sim_drone/src/ros2_drone_sim': PYTHONPATH=/home/abdullah/ros2_sim_drone/build/ros2_drone_sim/prefix_override:/home/abdullah/ros2_sim_drone/install/ros2_drone_sim/lib/python3.10/site-packages:${PYTHONPATH} /usr/bin/python3 -W ignore:setup.py install is deprecated setup.py egg_info --egg-base ../../build/ros2_drone_sim build --build-base /home/abdullah/ros2_sim_drone/build/ros2_drone_sim/build install --record /home/abdullah/ros2_sim_drone/build/ros2_drone_sim/install.log --single-version-externally-managed install_data
[156.549s] DEBUG:colcon.colcon_core.event_handler.log_command:Invoked command in '/home/abdullah/ros2_sim_drone/src/ros2_drone_sim' returned '1': PYTHONPATH=/home/abdullah/ros2_sim_drone/build/ros2_drone_sim/prefix_override:/home/abdullah/ros2_sim_drone/install/ros2_drone_sim/lib/python3.10/site-packages:${PYTHONPATH} /usr/bin/python3 -W ignore:setup.py install is deprecated setup.py egg_info --egg-base ../../build/ros2_drone_sim build --build-base /home/abdullah/ros2_sim_drone/build/ros2_drone_sim/build install --record /home/abdullah/ros2_sim_drone/build/ros2_drone_sim/install.log --single-version-externally-managed install_data
[156.558s] DEBUG:colcon.colcon_parallel_executor.executor.parallel:closing loop
[156.558s] DEBUG:colcon.colcon_parallel_executor.executor.parallel:loop closed
[156.559s] DEBUG:colcon.colcon_parallel_executor.executor.parallel:run_until_complete finished with '1'
[156.559s] DEBUG:colcon.colcon_core.event_reactor:joining thread
[156.899s] INFO:colcon.colcon_core.plugin_system:Skipping extension 'colcon_notification.desktop_notification.terminal_notifier': Not used on non-Darwin systems
[156.900s] INFO:colcon.colcon_core.plugin_system:Skipping extension 'colcon_notification.desktop_notification.win32': Not used on non-Windows systems
[156.900s] INFO:colcon.colcon_notification.desktop_notification:Sending desktop notification using 'notify2'
[156.990s] DEBUG:colcon.colcon_core.event_reactor:joined thread
[156.994s] INFO:colcon.colcon_core.shell:Creating prefix script '/home/abdullah/ros2_sim_drone/install/local_setup.ps1'
[157.033s] INFO:colcon.colcon_core.shell:Creating prefix util module '/home/abdullah/ros2_sim_drone/install/_local_setup_util_ps1.py'
[157.089s] INFO:colcon.colcon_core.shell:Creating prefix chain script '/home/abdullah/ros2_sim_drone/install/setup.ps1'
[157.158s] INFO:colcon.colcon_core.shell:Creating prefix script '/home/abdullah/ros2_sim_drone/install/local_setup.sh'
[157.185s] INFO:colcon.colcon_core.shell:Creating prefix util module '/home/abdullah/ros2_sim_drone/install/_local_setup_util_sh.py'
[157.186s] INFO:colcon.colcon_core.shell:Creating prefix chain script '/home/abdullah/ros2_sim_drone/install/setup.sh'
[157.234s] INFO:colcon.colcon_core.shell:Creating prefix script '/home/abdullah/ros2_sim_drone/install/local_setup.bash'
[157.307s] INFO:colcon.colcon_core.shell:Creating prefix chain script '/home/abdullah/ros2_sim_drone/install/setup.bash'
[157.368s] INFO:colcon.colcon_core.shell:Creating prefix script '/home/abdullah/ros2_sim_drone/install/local_setup.zsh'
[157.445s] INFO:colcon.colcon_core.shell:Creating prefix chain script '/home/abdullah/ros2_sim_drone/install/setup.zsh'
